This is pdfTeX, Version 3.141592653-2.6-1.40.22 (TeX Live 2022/dev/Debian) (preloaded format=pdflatex 2024.4.29)  12 JUN 2024 16:43
entering extended mode
 restricted \write18 enabled.
 %&-line parsing enabled.
**"AI, ML & DL With Python.tex"
(./AI, ML & DL With Python.tex
LaTeX2e <2021-11-15> patch level 1
L3 programming layer <2022-01-21>
(/usr/share/texlive/texmf-dist/tex/latex/beamer/beamer.cls
Document Class: beamer 2022/01/21 v3.65 A class for typesetting presentations
(/usr/share/texlive/texmf-dist/tex/latex/beamer/beamerbasemodes.sty
(/usr/share/texlive/texmf-dist/tex/latex/etoolbox/etoolbox.sty
Package: etoolbox 2020/10/05 v2.5k e-TeX tools for LaTeX (JAW)
\etb@tempcnta=\count185
)
\beamer@tempbox=\box50
\beamer@tempcount=\count186
\c@beamerpauses=\count187

(/usr/share/texlive/texmf-dist/tex/latex/beamer/beamerbasedecode.sty
\beamer@slideinframe=\count188
\beamer@minimum=\count189
\beamer@decode@box=\box51
)
\beamer@commentbox=\box52
\beamer@modecount=\count190
)
(/usr/share/texlive/texmf-dist/tex/generic/iftex/ifpdf.sty
Package: ifpdf 2019/10/25 v3.4 ifpdf legacy package. Use iftex instead.

(/usr/share/texlive/texmf-dist/tex/generic/iftex/iftex.sty
Package: iftex 2020/03/06 v1.0d TeX engine tests
))
\headdp=\dimen138
\footheight=\dimen139
\sidebarheight=\dimen140
\beamer@tempdim=\dimen141
\beamer@finalheight=\dimen142
\beamer@animht=\dimen143
\beamer@animdp=\dimen144
\beamer@animwd=\dimen145
\beamer@leftmargin=\dimen146
\beamer@rightmargin=\dimen147
\beamer@leftsidebar=\dimen148
\beamer@rightsidebar=\dimen149
\beamer@boxsize=\dimen150
\beamer@vboxoffset=\dimen151
\beamer@descdefault=\dimen152
\beamer@descriptionwidth=\dimen153
\beamer@lastskip=\skip47
\beamer@areabox=\box53
\beamer@animcurrent=\box54
\beamer@animshowbox=\box55
\beamer@sectionbox=\box56
\beamer@logobox=\box57
\beamer@linebox=\box58
\beamer@sectioncount=\count191
\beamer@subsubsectionmax=\count192
\beamer@subsectionmax=\count193
\beamer@sectionmax=\count194
\beamer@totalheads=\count195
\beamer@headcounter=\count196
\beamer@partstartpage=\count197
\beamer@sectionstartpage=\count198
\beamer@subsectionstartpage=\count199
\beamer@animationtempa=\count266
\beamer@animationtempb=\count267
\beamer@xpos=\count268
\beamer@ypos=\count269
\beamer@ypos@offset=\count270
\beamer@showpartnumber=\count271
\beamer@currentsubsection=\count272
\beamer@coveringdepth=\count273
\beamer@sectionadjust=\count274
\beamer@toclastsection=\count275
\beamer@tocsectionnumber=\count276

(/usr/share/texlive/texmf-dist/tex/latex/beamer/beamerbaseoptions.sty
(/usr/share/texlive/texmf-dist/tex/latex/graphics/keyval.sty
Package: keyval 2014/10/28 v1.15 key=value parser (DPC)
\KV@toks@=\toks16
))
\beamer@paperwidth=\skip48
\beamer@paperheight=\skip49

(/usr/share/texlive/texmf-dist/tex/latex/geometry/geometry.sty
Package: geometry 2020/01/02 v5.9 Page Geometry

(/usr/share/texlive/texmf-dist/tex/generic/iftex/ifvtex.sty
Package: ifvtex 2019/10/25 v1.7 ifvtex legacy package. Use iftex instead.
)
\Gm@cnth=\count277
\Gm@cntv=\count278
\c@Gm@tempcnt=\count279
\Gm@bindingoffset=\dimen154
\Gm@wd@mp=\dimen155
\Gm@odd@mp=\dimen156
\Gm@even@mp=\dimen157
\Gm@layoutwidth=\dimen158
\Gm@layoutheight=\dimen159
\Gm@layouthoffset=\dimen160
\Gm@layoutvoffset=\dimen161
\Gm@dimlist=\toks17
)
(/usr/share/texlive/texmf-dist/tex/latex/pgf/basiclayer/pgfcore.sty
(/usr/share/texlive/texmf-dist/tex/latex/graphics/graphicx.sty
Package: graphicx 2021/09/16 v1.2d Enhanced LaTeX Graphics (DPC,SPQR)

(/usr/share/texlive/texmf-dist/tex/latex/graphics/graphics.sty
Package: graphics 2021/03/04 v1.4d Standard LaTeX Graphics (DPC,SPQR)

(/usr/share/texlive/texmf-dist/tex/latex/graphics/trig.sty
Package: trig 2021/08/11 v1.11 sin cos tan (DPC)
)
(/usr/share/texlive/texmf-dist/tex/latex/graphics-cfg/graphics.cfg
File: graphics.cfg 2016/06/04 v1.11 sample graphics configuration
)
Package graphics Info: Driver file: pdftex.def on input line 107.

(/usr/share/texlive/texmf-dist/tex/latex/graphics-def/pdftex.def
File: pdftex.def 2020/10/05 v1.2a Graphics/color driver for pdftex
))
\Gin@req@height=\dimen162
\Gin@req@width=\dimen163
)
(/usr/share/texlive/texmf-dist/tex/latex/pgf/systemlayer/pgfsys.sty
(/usr/share/texlive/texmf-dist/tex/latex/pgf/utilities/pgfrcs.sty
(/usr/share/texlive/texmf-dist/tex/generic/pgf/utilities/pgfutil-common.tex
\pgfutil@everybye=\toks18
\pgfutil@tempdima=\dimen164
\pgfutil@tempdimb=\dimen165

(/usr/share/texlive/texmf-dist/tex/generic/pgf/utilities/pgfutil-common-lists.t
ex)) (/usr/share/texlive/texmf-dist/tex/generic/pgf/utilities/pgfutil-latex.def
\pgfutil@abb=\box59
) (/usr/share/texlive/texmf-dist/tex/generic/pgf/utilities/pgfrcs.code.tex
(/usr/share/texlive/texmf-dist/tex/generic/pgf/pgf.revision.tex)
Package: pgfrcs 2021/05/15 v3.1.9a (3.1.9a)
))
(/usr/share/texlive/texmf-dist/tex/generic/pgf/systemlayer/pgfsys.code.tex
Package: pgfsys 2021/05/15 v3.1.9a (3.1.9a)

(/usr/share/texlive/texmf-dist/tex/generic/pgf/utilities/pgfkeys.code.tex
\pgfkeys@pathtoks=\toks19
\pgfkeys@temptoks=\toks20

(/usr/share/texlive/texmf-dist/tex/generic/pgf/utilities/pgfkeysfiltered.code.t
ex
\pgfkeys@tmptoks=\toks21
))
\pgf@x=\dimen166
\pgf@y=\dimen167
\pgf@xa=\dimen168
\pgf@ya=\dimen169
\pgf@xb=\dimen170
\pgf@yb=\dimen171
\pgf@xc=\dimen172
\pgf@yc=\dimen173
\pgf@xd=\dimen174
\pgf@yd=\dimen175
\w@pgf@writea=\write3
\r@pgf@reada=\read2
\c@pgf@counta=\count280
\c@pgf@countb=\count281
\c@pgf@countc=\count282
\c@pgf@countd=\count283
\t@pgf@toka=\toks22
\t@pgf@tokb=\toks23
\t@pgf@tokc=\toks24
\pgf@sys@id@count=\count284
 (/usr/share/texlive/texmf-dist/tex/generic/pgf/systemlayer/pgf.cfg
File: pgf.cfg 2021/05/15 v3.1.9a (3.1.9a)
)
Driver file for pgf: pgfsys-pdftex.def

(/usr/share/texlive/texmf-dist/tex/generic/pgf/systemlayer/pgfsys-pdftex.def
File: pgfsys-pdftex.def 2021/05/15 v3.1.9a (3.1.9a)

(/usr/share/texlive/texmf-dist/tex/generic/pgf/systemlayer/pgfsys-common-pdf.de
f
File: pgfsys-common-pdf.def 2021/05/15 v3.1.9a (3.1.9a)
)))
(/usr/share/texlive/texmf-dist/tex/generic/pgf/systemlayer/pgfsyssoftpath.code.
tex
File: pgfsyssoftpath.code.tex 2021/05/15 v3.1.9a (3.1.9a)
\pgfsyssoftpath@smallbuffer@items=\count285
\pgfsyssoftpath@bigbuffer@items=\count286
)
(/usr/share/texlive/texmf-dist/tex/generic/pgf/systemlayer/pgfsysprotocol.code.
tex
File: pgfsysprotocol.code.tex 2021/05/15 v3.1.9a (3.1.9a)
)) (/usr/share/texlive/texmf-dist/tex/latex/xcolor/xcolor.sty
Package: xcolor 2021/10/31 v2.13 LaTeX color extensions (UK)

(/usr/share/texlive/texmf-dist/tex/latex/graphics-cfg/color.cfg
File: color.cfg 2016/01/02 v1.6 sample color configuration
)
Package xcolor Info: Driver file: pdftex.def on input line 227.
Package xcolor Info: Model `cmy' substituted by `cmy0' on input line 1352.
Package xcolor Info: Model `hsb' substituted by `rgb' on input line 1356.
Package xcolor Info: Model `RGB' extended on input line 1368.
Package xcolor Info: Model `HTML' substituted by `rgb' on input line 1370.
Package xcolor Info: Model `Hsb' substituted by `hsb' on input line 1371.
Package xcolor Info: Model `tHsb' substituted by `hsb' on input line 1372.
Package xcolor Info: Model `HSB' substituted by `hsb' on input line 1373.
Package xcolor Info: Model `Gray' substituted by `gray' on input line 1374.
Package xcolor Info: Model `wave' substituted by `hsb' on input line 1375.
)
(/usr/share/texlive/texmf-dist/tex/generic/pgf/basiclayer/pgfcore.code.tex
Package: pgfcore 2021/05/15 v3.1.9a (3.1.9a)

(/usr/share/texlive/texmf-dist/tex/generic/pgf/math/pgfmath.code.tex
(/usr/share/texlive/texmf-dist/tex/generic/pgf/math/pgfmathcalc.code.tex
(/usr/share/texlive/texmf-dist/tex/generic/pgf/math/pgfmathutil.code.tex)
(/usr/share/texlive/texmf-dist/tex/generic/pgf/math/pgfmathparser.code.tex
\pgfmath@dimen=\dimen176
\pgfmath@count=\count287
\pgfmath@box=\box60
\pgfmath@toks=\toks25
\pgfmath@stack@operand=\toks26
\pgfmath@stack@operation=\toks27
)
(/usr/share/texlive/texmf-dist/tex/generic/pgf/math/pgfmathfunctions.code.tex
(/usr/share/texlive/texmf-dist/tex/generic/pgf/math/pgfmathfunctions.basic.code
.tex)
(/usr/share/texlive/texmf-dist/tex/generic/pgf/math/pgfmathfunctions.trigonomet
ric.code.tex)
(/usr/share/texlive/texmf-dist/tex/generic/pgf/math/pgfmathfunctions.random.cod
e.tex)
(/usr/share/texlive/texmf-dist/tex/generic/pgf/math/pgfmathfunctions.comparison
.code.tex)
(/usr/share/texlive/texmf-dist/tex/generic/pgf/math/pgfmathfunctions.base.code.
tex)
(/usr/share/texlive/texmf-dist/tex/generic/pgf/math/pgfmathfunctions.round.code
.tex)
(/usr/share/texlive/texmf-dist/tex/generic/pgf/math/pgfmathfunctions.misc.code.
tex)
(/usr/share/texlive/texmf-dist/tex/generic/pgf/math/pgfmathfunctions.integerari
thmetics.code.tex)))
(/usr/share/texlive/texmf-dist/tex/generic/pgf/math/pgfmathfloat.code.tex
\c@pgfmathroundto@lastzeros=\count288
))
(/usr/share/texlive/texmf-dist/tex/generic/pgf/math/pgfint.code.tex)
(/usr/share/texlive/texmf-dist/tex/generic/pgf/basiclayer/pgfcorepoints.code.te
x
File: pgfcorepoints.code.tex 2021/05/15 v3.1.9a (3.1.9a)
\pgf@picminx=\dimen177
\pgf@picmaxx=\dimen178
\pgf@picminy=\dimen179
\pgf@picmaxy=\dimen180
\pgf@pathminx=\dimen181
\pgf@pathmaxx=\dimen182
\pgf@pathminy=\dimen183
\pgf@pathmaxy=\dimen184
\pgf@xx=\dimen185
\pgf@xy=\dimen186
\pgf@yx=\dimen187
\pgf@yy=\dimen188
\pgf@zx=\dimen189
\pgf@zy=\dimen190
)
(/usr/share/texlive/texmf-dist/tex/generic/pgf/basiclayer/pgfcorepathconstruct.
code.tex
File: pgfcorepathconstruct.code.tex 2021/05/15 v3.1.9a (3.1.9a)
\pgf@path@lastx=\dimen191
\pgf@path@lasty=\dimen192
)
(/usr/share/texlive/texmf-dist/tex/generic/pgf/basiclayer/pgfcorepathusage.code
.tex
File: pgfcorepathusage.code.tex 2021/05/15 v3.1.9a (3.1.9a)
\pgf@shorten@end@additional=\dimen193
\pgf@shorten@start@additional=\dimen194
)
(/usr/share/texlive/texmf-dist/tex/generic/pgf/basiclayer/pgfcorescopes.code.te
x
File: pgfcorescopes.code.tex 2021/05/15 v3.1.9a (3.1.9a)
\pgfpic=\box61
\pgf@hbox=\box62
\pgf@layerbox@main=\box63
\pgf@picture@serial@count=\count289
)
(/usr/share/texlive/texmf-dist/tex/generic/pgf/basiclayer/pgfcoregraphicstate.c
ode.tex
File: pgfcoregraphicstate.code.tex 2021/05/15 v3.1.9a (3.1.9a)
\pgflinewidth=\dimen195
)
(/usr/share/texlive/texmf-dist/tex/generic/pgf/basiclayer/pgfcoretransformation
s.code.tex
File: pgfcoretransformations.code.tex 2021/05/15 v3.1.9a (3.1.9a)
\pgf@pt@x=\dimen196
\pgf@pt@y=\dimen197
\pgf@pt@temp=\dimen198
)
(/usr/share/texlive/texmf-dist/tex/generic/pgf/basiclayer/pgfcorequick.code.tex
File: pgfcorequick.code.tex 2021/05/15 v3.1.9a (3.1.9a)
)
(/usr/share/texlive/texmf-dist/tex/generic/pgf/basiclayer/pgfcoreobjects.code.t
ex
File: pgfcoreobjects.code.tex 2021/05/15 v3.1.9a (3.1.9a)
)
(/usr/share/texlive/texmf-dist/tex/generic/pgf/basiclayer/pgfcorepathprocessing
.code.tex
File: pgfcorepathprocessing.code.tex 2021/05/15 v3.1.9a (3.1.9a)
)
(/usr/share/texlive/texmf-dist/tex/generic/pgf/basiclayer/pgfcorearrows.code.te
x
File: pgfcorearrows.code.tex 2021/05/15 v3.1.9a (3.1.9a)
\pgfarrowsep=\dimen199
)
(/usr/share/texlive/texmf-dist/tex/generic/pgf/basiclayer/pgfcoreshade.code.tex
File: pgfcoreshade.code.tex 2021/05/15 v3.1.9a (3.1.9a)
\pgf@max=\dimen256
\pgf@sys@shading@range@num=\count290
\pgf@shadingcount=\count291
)
(/usr/share/texlive/texmf-dist/tex/generic/pgf/basiclayer/pgfcoreimage.code.tex
File: pgfcoreimage.code.tex 2021/05/15 v3.1.9a (3.1.9a)

(/usr/share/texlive/texmf-dist/tex/generic/pgf/basiclayer/pgfcoreexternal.code.
tex
File: pgfcoreexternal.code.tex 2021/05/15 v3.1.9a (3.1.9a)
\pgfexternal@startupbox=\box64
))
(/usr/share/texlive/texmf-dist/tex/generic/pgf/basiclayer/pgfcorelayers.code.te
x
File: pgfcorelayers.code.tex 2021/05/15 v3.1.9a (3.1.9a)
)
(/usr/share/texlive/texmf-dist/tex/generic/pgf/basiclayer/pgfcoretransparency.c
ode.tex
File: pgfcoretransparency.code.tex 2021/05/15 v3.1.9a (3.1.9a)
)
(/usr/share/texlive/texmf-dist/tex/generic/pgf/basiclayer/pgfcorepatterns.code.
tex
File: pgfcorepatterns.code.tex 2021/05/15 v3.1.9a (3.1.9a)
)
(/usr/share/texlive/texmf-dist/tex/generic/pgf/basiclayer/pgfcorerdf.code.tex
File: pgfcorerdf.code.tex 2021/05/15 v3.1.9a (3.1.9a)
))) (/usr/share/texlive/texmf-dist/tex/latex/base/size11.clo
File: size11.clo 2021/10/04 v1.4n Standard LaTeX file (size option)
)
(/usr/share/texlive/texmf-dist/tex/latex/pgf/utilities/xxcolor.sty
Package: xxcolor 2003/10/24 ver 0.1
\XC@nummixins=\count292
\XC@countmixins=\count293
)
(/usr/share/texlive/texmf-dist/tex/latex/base/atbegshi-ltx.sty
Package: atbegshi-ltx 2021/01/10 v1.0c Emulation of the original atbegshi
package with kernel methods
)
(/usr/share/texlive/texmf-dist/tex/latex/hyperref/hyperref.sty
Package: hyperref 2021-06-07 v7.00m Hypertext links for LaTeX

(/usr/share/texlive/texmf-dist/tex/generic/ltxcmds/ltxcmds.sty
Package: ltxcmds 2020-05-10 v1.25 LaTeX kernel commands for general use (HO)
)
(/usr/share/texlive/texmf-dist/tex/generic/pdftexcmds/pdftexcmds.sty
Package: pdftexcmds 2020-06-27 v0.33 Utility functions of pdfTeX for LuaTeX (HO
)

(/usr/share/texlive/texmf-dist/tex/generic/infwarerr/infwarerr.sty
Package: infwarerr 2019/12/03 v1.5 Providing info/warning/error messages (HO)
)
Package pdftexcmds Info: \pdf@primitive is available.
Package pdftexcmds Info: \pdf@ifprimitive is available.
Package pdftexcmds Info: \pdfdraftmode found.
)
(/usr/share/texlive/texmf-dist/tex/generic/kvsetkeys/kvsetkeys.sty
Package: kvsetkeys 2019/12/15 v1.18 Key value parser (HO)
)
(/usr/share/texlive/texmf-dist/tex/generic/kvdefinekeys/kvdefinekeys.sty
Package: kvdefinekeys 2019-12-19 v1.6 Define keys (HO)
)
(/usr/share/texlive/texmf-dist/tex/generic/pdfescape/pdfescape.sty
Package: pdfescape 2019/12/09 v1.15 Implements pdfTeX's escape features (HO)
)
(/usr/share/texlive/texmf-dist/tex/latex/hycolor/hycolor.sty
Package: hycolor 2020-01-27 v1.10 Color options for hyperref/bookmark (HO)
)
(/usr/share/texlive/texmf-dist/tex/latex/letltxmacro/letltxmacro.sty
Package: letltxmacro 2019/12/03 v1.6 Let assignment for LaTeX macros (HO)
)
(/usr/share/texlive/texmf-dist/tex/latex/auxhook/auxhook.sty
Package: auxhook 2019-12-17 v1.6 Hooks for auxiliary files (HO)
)
(/usr/share/texlive/texmf-dist/tex/latex/kvoptions/kvoptions.sty
Package: kvoptions 2020-10-07 v3.14 Key value format for package options (HO)
)
\@linkdim=\dimen257
\Hy@linkcounter=\count294
\Hy@pagecounter=\count295

(/usr/share/texlive/texmf-dist/tex/latex/hyperref/pd1enc.def
File: pd1enc.def 2021-06-07 v7.00m Hyperref: PDFDocEncoding definition (HO)
Now handling font encoding PD1 ...
... no UTF-8 mapping file for font encoding PD1
)
(/usr/share/texlive/texmf-dist/tex/latex/hyperref/hyperref-langpatches.def
File: hyperref-langpatches.def 2021-06-07 v7.00m Hyperref: patches for babel la
nguages
)
(/usr/share/texlive/texmf-dist/tex/generic/intcalc/intcalc.sty
Package: intcalc 2019/12/15 v1.3 Expandable calculations with integers (HO)
)
(/usr/share/texlive/texmf-dist/tex/generic/etexcmds/etexcmds.sty
Package: etexcmds 2019/12/15 v1.7 Avoid name clashes with e-TeX commands (HO)
)
\Hy@SavedSpaceFactor=\count296

(/usr/share/texlive/texmf-dist/tex/latex/hyperref/puenc.def
File: puenc.def 2021-06-07 v7.00m Hyperref: PDF Unicode definition (HO)
Now handling font encoding PU ...
... no UTF-8 mapping file for font encoding PU
)
Package hyperref Info: Option `bookmarks' set `true' on input line 4073.
Package hyperref Info: Option `bookmarksopen' set `true' on input line 4073.
Package hyperref Info: Option `implicit' set `false' on input line 4073.
Package hyperref Info: Hyper figures OFF on input line 4192.
Package hyperref Info: Link nesting OFF on input line 4197.
Package hyperref Info: Hyper index ON on input line 4200.
Package hyperref Info: Plain pages OFF on input line 4207.
Package hyperref Info: Backreferencing OFF on input line 4212.
Package hyperref Info: Implicit mode OFF; no redefinition of LaTeX internals.
Package hyperref Info: Bookmarks ON on input line 4445.
\c@Hy@tempcnt=\count297

(/usr/share/texlive/texmf-dist/tex/latex/url/url.sty
\Urlmuskip=\muskip16
Package: url 2013/09/16  ver 3.4  Verb mode for urls, etc.
)
LaTeX Info: Redefining \url on input line 4804.
\XeTeXLinkMargin=\dimen258

(/usr/share/texlive/texmf-dist/tex/generic/bitset/bitset.sty
Package: bitset 2019/12/09 v1.3 Handle bit-vector datatype (HO)

(/usr/share/texlive/texmf-dist/tex/generic/bigintcalc/bigintcalc.sty
Package: bigintcalc 2019/12/15 v1.5 Expandable calculations on big integers (HO
)
))
\Fld@menulength=\count298
\Field@Width=\dimen259
\Fld@charsize=\dimen260
Package hyperref Info: Hyper figures OFF on input line 6076.
Package hyperref Info: Link nesting OFF on input line 6081.
Package hyperref Info: Hyper index ON on input line 6084.
Package hyperref Info: backreferencing OFF on input line 6091.
Package hyperref Info: Link coloring OFF on input line 6096.
Package hyperref Info: Link coloring with OCG OFF on input line 6101.
Package hyperref Info: PDF/A mode OFF on input line 6106.
LaTeX Info: Redefining \ref on input line 6146.
LaTeX Info: Redefining \pageref on input line 6150.
\Hy@abspage=\count299


Package hyperref Message: Stopped early.

)
Package hyperref Info: Driver (autodetected): hpdftex.
 (/usr/share/texlive/texmf-dist/tex/latex/hyperref/hpdftex.def
File: hpdftex.def 2021-06-07 v7.00m Hyperref driver for pdfTeX

(/usr/share/texlive/texmf-dist/tex/latex/base/atveryend-ltx.sty
Package: atveryend-ltx 2020/08/19 v1.0a Emulation of the original atveryend pac
kage
with kernel methods
)
\Fld@listcount=\count300
\c@bookmark@seq@number=\count301

(/usr/share/texlive/texmf-dist/tex/latex/rerunfilecheck/rerunfilecheck.sty
Package: rerunfilecheck 2019/12/05 v1.9 Rerun checks for auxiliary files (HO)

(/usr/share/texlive/texmf-dist/tex/generic/uniquecounter/uniquecounter.sty
Package: uniquecounter 2019/12/15 v1.4 Provide unlimited unique counter (HO)
)
Package uniquecounter Info: New unique counter `rerunfilecheck' on input line 2
86.
))
(/usr/share/texlive/texmf-dist/tex/latex/beamer/beamerbaserequires.sty
(/usr/share/texlive/texmf-dist/tex/latex/beamer/beamerbasecompatibility.sty)
(/usr/share/texlive/texmf-dist/tex/latex/beamer/beamerbasefont.sty
(/usr/share/texlive/texmf-dist/tex/latex/amsfonts/amssymb.sty
Package: amssymb 2013/01/14 v3.01 AMS font symbols

(/usr/share/texlive/texmf-dist/tex/latex/amsfonts/amsfonts.sty
Package: amsfonts 2013/01/14 v3.01 Basic AMSFonts support
\@emptytoks=\toks28
\symAMSa=\mathgroup4
\symAMSb=\mathgroup5
LaTeX Font Info:    Redeclaring math symbol \hbar on input line 98.
LaTeX Font Info:    Overwriting math alphabet `\mathfrak' in version `bold'
(Font)                  U/euf/m/n --> U/euf/b/n on input line 106.
))
(/usr/share/texlive/texmf-dist/tex/latex/sansmathaccent/sansmathaccent.sty
Package: sansmathaccent 2020/01/31

(/usr/share/texlive/texmf-dist/tex/latex/koma-script/scrlfile.sty
Package: scrlfile 2021/11/13 v3.35 KOMA-Script package (file load hooks)

(/usr/share/texlive/texmf-dist/tex/latex/koma-script/scrlfile-hook.sty
Package: scrlfile-hook 2021/11/13 v3.35 KOMA-Script package (using LaTeX hooks)


(/usr/share/texlive/texmf-dist/tex/latex/koma-script/scrlogo.sty
Package: scrlogo 2021/11/13 v3.35 KOMA-Script package (logo)
)))))
(/usr/share/texlive/texmf-dist/tex/latex/beamer/beamerbasetranslator.sty
(/usr/share/texlive/texmf-dist/tex/latex/translator/translator.sty
Package: translator 2021-05-31 v1.12d Easy translation of strings in LaTeX
))
(/usr/share/texlive/texmf-dist/tex/latex/beamer/beamerbasemisc.sty)
(/usr/share/texlive/texmf-dist/tex/latex/beamer/beamerbasetwoscreens.sty)
(/usr/share/texlive/texmf-dist/tex/latex/beamer/beamerbaseoverlay.sty
\beamer@argscount=\count302
\beamer@lastskipcover=\skip50
\beamer@trivlistdepth=\count303
)
(/usr/share/texlive/texmf-dist/tex/latex/beamer/beamerbasetitle.sty)
(/usr/share/texlive/texmf-dist/tex/latex/beamer/beamerbasesection.sty
\c@lecture=\count304
\c@part=\count305
\c@section=\count306
\c@subsection=\count307
\c@subsubsection=\count308
)
(/usr/share/texlive/texmf-dist/tex/latex/beamer/beamerbaseframe.sty
\beamer@framebox=\box65
\beamer@frametitlebox=\box66
\beamer@zoombox=\box67
\beamer@zoomcount=\count309
\beamer@zoomframecount=\count310
\beamer@frametextheight=\dimen261
\c@subsectionslide=\count311
\beamer@frametopskip=\skip51
\beamer@framebottomskip=\skip52
\beamer@frametopskipautobreak=\skip53
\beamer@framebottomskipautobreak=\skip54
\beamer@envbody=\toks29
\framewidth=\dimen262
\c@framenumber=\count312
)
(/usr/share/texlive/texmf-dist/tex/latex/beamer/beamerbaseverbatim.sty
\beamer@verbatimfileout=\write4
)
(/usr/share/texlive/texmf-dist/tex/latex/beamer/beamerbaseframesize.sty
\beamer@splitbox=\box68
\beamer@autobreakcount=\count313
\beamer@autobreaklastheight=\dimen263
\beamer@frametitletoks=\toks30
\beamer@framesubtitletoks=\toks31
)
(/usr/share/texlive/texmf-dist/tex/latex/beamer/beamerbaseframecomponents.sty
\beamer@footins=\box69
)
(/usr/share/texlive/texmf-dist/tex/latex/beamer/beamerbasecolor.sty)
(/usr/share/texlive/texmf-dist/tex/latex/beamer/beamerbasenotes.sty
\beamer@frameboxcopy=\box70
)
(/usr/share/texlive/texmf-dist/tex/latex/beamer/beamerbasetoc.sty)
(/usr/share/texlive/texmf-dist/tex/latex/beamer/beamerbasetemplates.sty
\beamer@sbttoks=\toks32

(/usr/share/texlive/texmf-dist/tex/latex/beamer/beamerbaseauxtemplates.sty
(/usr/share/texlive/texmf-dist/tex/latex/beamer/beamerbaseboxes.sty
\bmb@box=\box71
\bmb@colorbox=\box72
\bmb@boxwidth=\dimen264
\bmb@boxheight=\dimen265
\bmb@prevheight=\dimen266
\bmb@temp=\dimen267
\bmb@dima=\dimen268
\bmb@dimb=\dimen269
\bmb@prevheight=\dimen270
)
\beamer@blockheadheight=\dimen271
))
(/usr/share/texlive/texmf-dist/tex/latex/beamer/beamerbaselocalstructure.sty
(/usr/share/texlive/texmf-dist/tex/latex/tools/enumerate.sty
Package: enumerate 2015/07/23 v3.00 enumerate extensions (DPC)
\@enLab=\toks33
)
\beamer@bibiconwidth=\skip55
\c@figure=\count314
\c@table=\count315
\abovecaptionskip=\skip56
\belowcaptionskip=\skip57
)
(/usr/share/texlive/texmf-dist/tex/latex/beamer/beamerbasenavigation.sty
\beamer@section@min@dim=\dimen272
)
(/usr/share/texlive/texmf-dist/tex/latex/beamer/beamerbasetheorems.sty
(/usr/share/texlive/texmf-dist/tex/latex/amsmath/amsmath.sty
Package: amsmath 2021/10/15 v2.17l AMS math features
\@mathmargin=\skip58

For additional information on amsmath, use the `?' option.
(/usr/share/texlive/texmf-dist/tex/latex/amsmath/amstext.sty
Package: amstext 2021/08/26 v2.01 AMS text

(/usr/share/texlive/texmf-dist/tex/latex/amsmath/amsgen.sty
File: amsgen.sty 1999/11/30 v2.0 generic functions
\@emptytoks=\toks34
\ex@=\dimen273
))
(/usr/share/texlive/texmf-dist/tex/latex/amsmath/amsbsy.sty
Package: amsbsy 1999/11/29 v1.2d Bold Symbols
\pmbraise@=\dimen274
)
(/usr/share/texlive/texmf-dist/tex/latex/amsmath/amsopn.sty
Package: amsopn 2021/08/26 v2.02 operator names
)
\inf@bad=\count316
LaTeX Info: Redefining \frac on input line 234.
\uproot@=\count317
\leftroot@=\count318
LaTeX Info: Redefining \overline on input line 399.
\classnum@=\count319
\DOTSCASE@=\count320
LaTeX Info: Redefining \ldots on input line 496.
LaTeX Info: Redefining \dots on input line 499.
LaTeX Info: Redefining \cdots on input line 620.
\Mathstrutbox@=\box73
\strutbox@=\box74
\big@size=\dimen275
LaTeX Font Info:    Redeclaring font encoding OML on input line 743.
LaTeX Font Info:    Redeclaring font encoding OMS on input line 744.
\macc@depth=\count321
\c@MaxMatrixCols=\count322
\dotsspace@=\muskip17
\c@parentequation=\count323
\dspbrk@lvl=\count324
\tag@help=\toks35
\row@=\count325
\column@=\count326
\maxfields@=\count327
\andhelp@=\toks36
\eqnshift@=\dimen276
\alignsep@=\dimen277
\tagshift@=\dimen278
\tagwidth@=\dimen279
\totwidth@=\dimen280
\lineht@=\dimen281
\@envbody=\toks37
\multlinegap=\skip59
\multlinetaggap=\skip60
\mathdisplay@stack=\toks38
LaTeX Info: Redefining \[ on input line 2938.
LaTeX Info: Redefining \] on input line 2939.
)
(/usr/share/texlive/texmf-dist/tex/latex/amscls/amsthm.sty
Package: amsthm 2020/05/29 v2.20.6
\thm@style=\toks39
\thm@bodyfont=\toks40
\thm@headfont=\toks41
\thm@notefont=\toks42
\thm@headpunct=\toks43
\thm@preskip=\skip61
\thm@postskip=\skip62
\thm@headsep=\skip63
\dth@everypar=\toks44
)
\c@theorem=\count328
)
(/usr/share/texlive/texmf-dist/tex/latex/beamer/beamerbasethemes.sty))
(/usr/share/texlive/texmf-dist/tex/latex/beamer/beamerthemedefault.sty
(/usr/share/texlive/texmf-dist/tex/latex/beamer/beamerfontthemedefault.sty)
(/usr/share/texlive/texmf-dist/tex/latex/beamer/beamercolorthemedefault.sty)
(/usr/share/texlive/texmf-dist/tex/latex/beamer/beamerinnerthemedefault.sty
\beamer@dima=\dimen282
\beamer@dimb=\dimen283
)
(/usr/share/texlive/texmf-dist/tex/latex/beamer/beamerouterthemedefault.sty)))
(/usr/share/texlive/texmf-dist/tex/latex/comment/comment.sty
\CommentStream=\write5

Excluding comment 'comment')
(/usr/share/texlive/texmf-dist/tex/latex/pgf/frontendlayer/tikz.sty
(/usr/share/texlive/texmf-dist/tex/latex/pgf/basiclayer/pgf.sty
Package: pgf 2021/05/15 v3.1.9a (3.1.9a)

(/usr/share/texlive/texmf-dist/tex/generic/pgf/modules/pgfmoduleshapes.code.tex
File: pgfmoduleshapes.code.tex 2021/05/15 v3.1.9a (3.1.9a)
\pgfnodeparttextbox=\box75
) (/usr/share/texlive/texmf-dist/tex/generic/pgf/modules/pgfmoduleplot.code.tex
File: pgfmoduleplot.code.tex 2021/05/15 v3.1.9a (3.1.9a)
)
(/usr/share/texlive/texmf-dist/tex/latex/pgf/compatibility/pgfcomp-version-0-65
.sty
Package: pgfcomp-version-0-65 2021/05/15 v3.1.9a (3.1.9a)
\pgf@nodesepstart=\dimen284
\pgf@nodesepend=\dimen285
)
(/usr/share/texlive/texmf-dist/tex/latex/pgf/compatibility/pgfcomp-version-1-18
.sty
Package: pgfcomp-version-1-18 2021/05/15 v3.1.9a (3.1.9a)
)) (/usr/share/texlive/texmf-dist/tex/latex/pgf/utilities/pgffor.sty
(/usr/share/texlive/texmf-dist/tex/latex/pgf/utilities/pgfkeys.sty
(/usr/share/texlive/texmf-dist/tex/generic/pgf/utilities/pgfkeys.code.tex))
(/usr/share/texlive/texmf-dist/tex/latex/pgf/math/pgfmath.sty
(/usr/share/texlive/texmf-dist/tex/generic/pgf/math/pgfmath.code.tex))
(/usr/share/texlive/texmf-dist/tex/generic/pgf/utilities/pgffor.code.tex
Package: pgffor 2021/05/15 v3.1.9a (3.1.9a)

(/usr/share/texlive/texmf-dist/tex/generic/pgf/math/pgfmath.code.tex)
\pgffor@iter=\dimen286
\pgffor@skip=\dimen287
\pgffor@stack=\toks45
\pgffor@toks=\toks46
))
(/usr/share/texlive/texmf-dist/tex/generic/pgf/frontendlayer/tikz/tikz.code.tex
Package: tikz 2021/05/15 v3.1.9a (3.1.9a)

(/usr/share/texlive/texmf-dist/tex/generic/pgf/libraries/pgflibraryplothandlers
.code.tex
File: pgflibraryplothandlers.code.tex 2021/05/15 v3.1.9a (3.1.9a)
\pgf@plot@mark@count=\count329
\pgfplotmarksize=\dimen288
)
\tikz@lastx=\dimen289
\tikz@lasty=\dimen290
\tikz@lastxsaved=\dimen291
\tikz@lastysaved=\dimen292
\tikz@lastmovetox=\dimen293
\tikz@lastmovetoy=\dimen294
\tikzleveldistance=\dimen295
\tikzsiblingdistance=\dimen296
\tikz@figbox=\box76
\tikz@figbox@bg=\box77
\tikz@tempbox=\box78
\tikz@tempbox@bg=\box79
\tikztreelevel=\count330
\tikznumberofchildren=\count331
\tikznumberofcurrentchild=\count332
\tikz@fig@count=\count333

(/usr/share/texlive/texmf-dist/tex/generic/pgf/modules/pgfmodulematrix.code.tex
File: pgfmodulematrix.code.tex 2021/05/15 v3.1.9a (3.1.9a)
\pgfmatrixcurrentrow=\count334
\pgfmatrixcurrentcolumn=\count335
\pgf@matrix@numberofcolumns=\count336
)
\tikz@expandcount=\count337

(/usr/share/texlive/texmf-dist/tex/generic/pgf/frontendlayer/tikz/libraries/tik
zlibrarytopaths.code.tex
File: tikzlibrarytopaths.code.tex 2021/05/15 v3.1.9a (3.1.9a)
)))
(/usr/share/texlive/texmf-dist/tex/latex/beamer/beamerthemeCambridgeUS.sty
(/usr/share/texlive/texmf-dist/tex/latex/beamer/beamerinnerthemerounded.sty)
(/usr/share/texlive/texmf-dist/tex/latex/beamer/beamerouterthemeinfolines.sty)
(/usr/share/texlive/texmf-dist/tex/latex/beamer/beamercolorthemebeaver.sty))
(/usr/share/texlive/texmf-dist/tex/latex/listings/listings.sty
\lst@mode=\count338
\lst@gtempboxa=\box80
\lst@token=\toks47
\lst@length=\count339
\lst@currlwidth=\dimen297
\lst@column=\count340
\lst@pos=\count341
\lst@lostspace=\dimen298
\lst@width=\dimen299
\lst@newlines=\count342
\lst@lineno=\count343
\lst@maxwidth=\dimen300

(/usr/share/texlive/texmf-dist/tex/latex/listings/lstmisc.sty
File: lstmisc.sty 2020/03/24 1.8d (Carsten Heinz)
\c@lstnumber=\count344
\lst@skipnumbers=\count345
\lst@framebox=\box81
)
(/usr/share/texlive/texmf-dist/tex/latex/listings/listings.cfg
File: listings.cfg 2020/03/24 1.8d listings configuration
))
Package: listings 2020/03/24 1.8d (Carsten Heinz)

(/usr/share/texlive/texmf-dist/tex/latex/beamer/multimedia.sty
Package: multimedia 2012/05/02 ver 0.02
\mm@movie=\count346
)
(/usr/share/texlive/texmf-dist/tex/latex/media9/media9.sty
(/usr/share/texlive/texmf-dist/tex/latex/l3packages/l3keys2e/l3keys2e.sty
(/usr/share/texlive/texmf-dist/tex/latex/l3kernel/expl3.sty
Package: expl3 2022-01-21 L3 programming layer (loader) 

(/usr/share/texlive/texmf-dist/tex/latex/l3backend/l3backend-pdftex.def
File: l3backend-pdftex.def 2022-01-12 L3 backend support: PDF output (pdfTeX)
\l__color_backend_stack_int=\count347
\l__pdf_internal_box=\box82
))
Package: l3keys2e 2022-01-12 LaTeX2e option processing using LaTeX3 keys
)
Package: media9 2021/10/18 v1.23 acrobat-9/X compatible media
\g_mix_pkgresizeflag_int=\count348

(/usr/share/texlive/texmf-dist/tex/latex/media9/pdfbase.sty
Package: pdfbase 2021/09/12 v0.53 driver independent access to low-level PDF fe
atures
\g_pbs_page_int=\count349
\g_pbs_oc_int=\count350
)
(/usr/share/texlive/texmf-dist/tex/latex/ocgx2/ocgbase.sty
Package: ocgbase 2021/06/11 v0.20 support package for ocgx2.sty
\g_ocgbase_nd_int=\count351
)
\l_mix_poster_box=\box83
\g_mix_wd_dim=\dimen301
\g_mix_ht_dim=\dimen302
\g_mix_dp_dim=\dimen303
\g_mix_rmcnt_int=\count352
\l_mix_viewcnt_int=\count353
\g@mix@page@int=\count354
\g_mix_resizeflag_int=\count355
\l_mix_lineno_int=\count356
\l_mix_pbtn_box=\box84
\g_mix_mbtncnt_int=\count357
\mix@btn@dim=\dimen304
)
(/usr/share/texlive/texmf-dist/tex/latex/listings/lstlang1.sty
File: lstlang1.sty 2020/03/24 1.8d listings language file
)

Package hyperref Warning: Token not allowed in a PDF string (Unicode):
(hyperref)                removing `\color' on input line 30.


Package hyperref Warning: Token not allowed in a PDF string (Unicode):
(hyperref)                removing `\color' on input line 30.


Package hyperref Warning: Token not allowed in a PDF string (Unicode):
(hyperref)                removing `\\' on input line 30.


Package hyperref Warning: Token not allowed in a PDF string (Unicode):
(hyperref)                removing `\color' on input line 30.

(./AI, ML & DL With Python.aux)
\openout1 = `"AI, ML & DL With Python.aux"'.

LaTeX Font Info:    Checking defaults for OML/cmm/m/it on input line 34.
LaTeX Font Info:    ... okay on input line 34.
LaTeX Font Info:    Checking defaults for OMS/cmsy/m/n on input line 34.
LaTeX Font Info:    ... okay on input line 34.
LaTeX Font Info:    Checking defaults for OT1/cmr/m/n on input line 34.
LaTeX Font Info:    ... okay on input line 34.
LaTeX Font Info:    Checking defaults for T1/cmr/m/n on input line 34.
LaTeX Font Info:    ... okay on input line 34.
LaTeX Font Info:    Checking defaults for TS1/cmr/m/n on input line 34.
LaTeX Font Info:    ... okay on input line 34.
LaTeX Font Info:    Checking defaults for OMX/cmex/m/n on input line 34.
LaTeX Font Info:    ... okay on input line 34.
LaTeX Font Info:    Checking defaults for U/cmr/m/n on input line 34.
LaTeX Font Info:    ... okay on input line 34.
LaTeX Font Info:    Checking defaults for PD1/pdf/m/n on input line 34.
LaTeX Font Info:    ... okay on input line 34.
LaTeX Font Info:    Checking defaults for PU/pdf/m/n on input line 34.
LaTeX Font Info:    ... okay on input line 34.

*geometry* driver: auto-detecting
*geometry* detected driver: pdftex
*geometry* verbose mode - [ preamble ] result:
* driver: pdftex
* paper: custom
* layout: <same size as paper>
* layoutoffset:(h,v)=(0.0pt,0.0pt)
* modes: includehead includefoot 
* h-part:(L,W,R)=(10.95003pt, 342.2953pt, 10.95003pt)
* v-part:(T,H,B)=(0.0pt, 273.14662pt, 0.0pt)
* \paperwidth=364.19536pt
* \paperheight=273.14662pt
* \textwidth=342.2953pt
* \textheight=244.6939pt
* \oddsidemargin=-61.31996pt
* \evensidemargin=-61.31996pt
* \topmargin=-72.26999pt
* \headheight=14.22636pt
* \headsep=0.0pt
* \topskip=11.0pt
* \footskip=14.22636pt
* \marginparwidth=4.0pt
* \marginparsep=10.0pt
* \columnsep=10.0pt
* \skip\footins=10.0pt plus 4.0pt minus 2.0pt
* \hoffset=0.0pt
* \voffset=0.0pt
* \mag=1000
* \@twocolumnfalse
* \@twosidefalse
* \@mparswitchfalse
* \@reversemarginfalse
* (1in=72.27pt=25.4mm, 1cm=28.453pt)

(/usr/share/texlive/texmf-dist/tex/context/base/mkii/supp-pdf.mkii
[Loading MPS to PDF converter (version 2006.09.02).]
\scratchcounter=\count358
\scratchdimen=\dimen305
\scratchbox=\box85
\nofMPsegments=\count359
\nofMParguments=\count360
\everyMPshowfont=\toks48
\MPscratchCnt=\count361
\MPscratchDim=\dimen306
\MPnumerator=\count362
\makeMPintoPDFobject=\count363
\everyMPtoPDFconversion=\toks49
) (/usr/share/texlive/texmf-dist/tex/latex/epstopdf-pkg/epstopdf-base.sty
Package: epstopdf-base 2020-01-24 v2.11 Base part for package epstopdf
Package epstopdf-base Info: Redefining graphics rule for `.eps' on input line 4
85.

(/usr/share/texlive/texmf-dist/tex/latex/latexconfig/epstopdf-sys.cfg
File: epstopdf-sys.cfg 2010/07/13 v1.3 Configuration of (r)epstopdf for TeX Liv
e
))
Package hyperref Info: Link coloring OFF on input line 34.

(/usr/share/texlive/texmf-dist/tex/latex/hyperref/nameref.sty
Package: nameref 2021-04-02 v2.47 Cross-referencing by name of section

(/usr/share/texlive/texmf-dist/tex/latex/refcount/refcount.sty
Package: refcount 2019/12/15 v3.6 Data extraction from label references (HO)
)
(/usr/share/texlive/texmf-dist/tex/generic/gettitlestring/gettitlestring.sty
Package: gettitlestring 2019/12/15 v1.6 Cleanup title references (HO)
)
\c@section@level=\count364
)
LaTeX Info: Redefining \ref on input line 34.
LaTeX Info: Redefining \pageref on input line 34.
LaTeX Info: Redefining \nameref on input line 34.

(./AI, ML & DL With Python.out) (./AI, ML & DL With Python.out)
\@outlinefile=\write6
\openout6 = `"AI, ML & DL With Python.out"'.

LaTeX Font Info:    Overwriting symbol font `operators' in version `normal'
(Font)                  OT1/cmr/m/n --> OT1/cmss/m/n on input line 34.
LaTeX Font Info:    Overwriting symbol font `operators' in version `bold'
(Font)                  OT1/cmr/bx/n --> OT1/cmss/b/n on input line 34.
\symnumbers=\mathgroup6
\sympureletters=\mathgroup7
LaTeX Font Info:    Overwriting math alphabet `\mathrm' in version `normal'
(Font)                  OT1/cmss/m/n --> OT1/cmr/m/n on input line 34.
LaTeX Font Info:    Redeclaring math alphabet \mathbf on input line 34.
LaTeX Font Info:    Overwriting math alphabet `\mathbf' in version `normal'
(Font)                  OT1/cmr/bx/n --> OT1/cmss/b/n on input line 34.
LaTeX Font Info:    Overwriting math alphabet `\mathbf' in version `bold'
(Font)                  OT1/cmr/bx/n --> OT1/cmss/b/n on input line 34.
LaTeX Font Info:    Redeclaring math alphabet \mathsf on input line 34.
LaTeX Font Info:    Overwriting math alphabet `\mathsf' in version `normal'
(Font)                  OT1/cmss/m/n --> OT1/cmss/m/n on input line 34.
LaTeX Font Info:    Overwriting math alphabet `\mathsf' in version `bold'
(Font)                  OT1/cmss/bx/n --> OT1/cmss/m/n on input line 34.
LaTeX Font Info:    Redeclaring math alphabet \mathit on input line 34.
LaTeX Font Info:    Overwriting math alphabet `\mathit' in version `normal'
(Font)                  OT1/cmr/m/it --> OT1/cmss/m/it on input line 34.
LaTeX Font Info:    Overwriting math alphabet `\mathit' in version `bold'
(Font)                  OT1/cmr/bx/it --> OT1/cmss/m/it on input line 34.
LaTeX Font Info:    Redeclaring math alphabet \mathtt on input line 34.
LaTeX Font Info:    Overwriting math alphabet `\mathtt' in version `normal'
(Font)                  OT1/cmtt/m/n --> OT1/cmtt/m/n on input line 34.
LaTeX Font Info:    Overwriting math alphabet `\mathtt' in version `bold'
(Font)                  OT1/cmtt/m/n --> OT1/cmtt/m/n on input line 34.
LaTeX Font Info:    Overwriting symbol font `numbers' in version `bold'
(Font)                  OT1/cmss/m/n --> OT1/cmss/b/n on input line 34.
LaTeX Font Info:    Overwriting symbol font `pureletters' in version `bold'
(Font)                  OT1/cmss/m/it --> OT1/cmss/b/it on input line 34.
LaTeX Font Info:    Overwriting math alphabet `\mathrm' in version `bold'
(Font)                  OT1/cmss/b/n --> OT1/cmr/b/n on input line 34.
LaTeX Font Info:    Overwriting math alphabet `\mathbf' in version `bold'
(Font)                  OT1/cmss/b/n --> OT1/cmss/b/n on input line 34.
LaTeX Font Info:    Overwriting math alphabet `\mathsf' in version `bold'
(Font)                  OT1/cmss/m/n --> OT1/cmss/b/n on input line 34.
LaTeX Font Info:    Overwriting math alphabet `\mathit' in version `bold'
(Font)                  OT1/cmss/m/it --> OT1/cmss/b/it on input line 34.
LaTeX Font Info:    Overwriting math alphabet `\mathtt' in version `bold'
(Font)                  OT1/cmtt/m/n --> OT1/cmtt/b/n on input line 34.
LaTeX Font Info:    Redeclaring symbol font `pureletters' on input line 34.
LaTeX Font Info:    Overwriting symbol font `pureletters' in version `normal'
(Font)                  OT1/cmss/m/it --> OT1/mathkerncmss/m/sl on input line 3
4.
LaTeX Font Info:    Overwriting symbol font `pureletters' in version `bold'
(Font)                  OT1/cmss/b/it --> OT1/mathkerncmss/m/sl on input line 3
4.
LaTeX Font Info:    Overwriting symbol font `pureletters' in version `bold'
(Font)                  OT1/mathkerncmss/m/sl --> OT1/mathkerncmss/bx/sl on inp
ut line 34.

(/usr/share/texlive/texmf-dist/tex/latex/translator/translator-basic-dictionary
-English.dict
Dictionary: translator-basic-dictionary, Language: English 
)
(/usr/share/texlive/texmf-dist/tex/latex/translator/translator-bibliography-dic
tionary-English.dict
Dictionary: translator-bibliography-dictionary, Language: English 
)
(/usr/share/texlive/texmf-dist/tex/latex/translator/translator-environment-dict
ionary-English.dict
Dictionary: translator-environment-dictionary, Language: English 
)
(/usr/share/texlive/texmf-dist/tex/latex/translator/translator-months-dictionar
y-English.dict
Dictionary: translator-months-dictionary, Language: English 
)
(/usr/share/texlive/texmf-dist/tex/latex/translator/translator-numbers-dictiona
ry-English.dict
Dictionary: translator-numbers-dictionary, Language: English 
)
(/usr/share/texlive/texmf-dist/tex/latex/translator/translator-theorem-dictiona
ry-English.dict
Dictionary: translator-theorem-dictionary, Language: English 
)
\c@lstlisting=\count365
 (./AI, ML & DL With Python.nav)
Overfull \hbox (19.04881pt too wide) in paragraph at lines 34--34
 [][][][][]  
 []


Overfull \hbox (72.85573pt too wide) in paragraph at lines 34--34
 [][][][]  
 []

<BensearchLogo-removebg-preview.png, id=191, 225.84375pt x 225.84375pt>
File: BensearchLogo-removebg-preview.png Graphic file (type png)
<use BensearchLogo-removebg-preview.png>
Package pdftex.def Info: BensearchLogo-removebg-preview.png  used on input line
 44.
(pdftex.def)             Requested size: 67.75363pt x 67.75363pt.
<bensearch.png, id=193, 732.7375pt x 347.2975pt>
File: bensearch.png Graphic file (type png)
<use bensearch.png>
Package pdftex.def Info: bensearch.png  used on input line 44.
(pdftex.def)             Requested size: 146.5449pt x 69.45827pt.
<supervised-vs-unsupervised-learning.jpg, id=194, 803.0pt x 426.59375pt>
File: supervised-vs-unsupervised-learning.jpg Graphic file (type jpg)
<use supervised-vs-unsupervised-learning.jpg>
Package pdftex.def Info: supervised-vs-unsupervised-learning.jpg  used on input
 line 44.
(pdftex.def)             Requested size: 364.20155pt x 273.16226pt.
[1

{/var/lib/texmf/fonts/map/pdftex/updmap/pdftex.map} <./supervised-vs-unsupervis
ed-learning.jpg> <./BensearchLogo-removebg-preview.png> <./bensearch.png>]
<ia_ml.jpg, id=229, 602.25pt x 401.5pt>
File: ia_ml.jpg Graphic file (type jpg)
<use ia_ml.jpg>
Package pdftex.def Info: ia_ml.jpg  used on input line 65.
(pdftex.def)             Requested size: 364.21074pt x 273.1634pt.

[2

 <./ia_ml.jpg>]
Overfull \hbox (19.04881pt too wide) has occurred while \output is active
 [][][][][]  
 []


Overfull \hbox (72.85573pt too wide) has occurred while \output is active
 [][][][]  
 []

[3

]
<rf.jpeg, id=289, 276.03125pt x 183.68625pt>
File: rf.jpeg Graphic file (type jpg)
<use rf.jpeg>
Package pdftex.def Info: rf.jpeg  used on input line 108.
(pdftex.def)             Requested size: 164.30028pt x 109.3381pt.
LaTeX Font Info:    Trying to load font information for U+msa on input line 108
.
 (/usr/share/texlive/texmf-dist/tex/latex/amsfonts/umsa.fd
File: umsa.fd 2013/01/14 v3.01 AMS symbols A
)
LaTeX Font Info:    Trying to load font information for U+msb on input line 108
.

(/usr/share/texlive/texmf-dist/tex/latex/amsfonts/umsb.fd
File: umsb.fd 2013/01/14 v3.01 AMS symbols B
)
LaTeX Font Info:    Trying to load font information for OT1+mathkerncmss on inp
ut line 108.

(/usr/share/texlive/texmf-dist/tex/latex/sansmathaccent/ot1mathkerncmss.fd
File: ot1mathkerncmss.fd 2020/01/31 Fontinst v1.933 font definitions for OT1/ma
thkerncmss.
)
<ChatBot.jpg, id=290, 2569.6pt x 1709.38625pt>
File: ChatBot.jpg Graphic file (type jpg)
<use ChatBot.jpg>
Package pdftex.def Info: ChatBot.jpg  used on input line 108.
(pdftex.def)             Requested size: 164.30028pt x 109.28818pt.

Overfull \hbox (19.04881pt too wide) has occurred while \output is active
 [][][][][]  
 []


Overfull \hbox (72.85573pt too wide) has occurred while \output is active
 [][][][]  
 []

[4

 <./rf.jpeg> <./ChatBot.jpg>]
<spam-1.jpg, id=323, 451.6875pt x 275.52937pt>
File: spam-1.jpg Graphic file (type jpg)
<use spam-1.jpg>
Package pdftex.def Info: spam-1.jpg  used on input line 124.
(pdftex.def)             Requested size: 164.30028pt x 100.22473pt.
<connaissez-vous-facebook.jpg, id=324, 330.23375pt x 417.56pt>
File: connaissez-vous-facebook.jpg Graphic file (type jpg)
<use connaissez-vous-facebook.jpg>
Package pdftex.def Info: connaissez-vous-facebook.jpg  used on input line 124.
(pdftex.def)             Requested size: 150.61076pt x 190.44246pt.

Overfull \vbox (9.98293pt too high) detected at line 124
 []


Overfull \hbox (19.04881pt too wide) has occurred while \output is active
 [][][][][]  
 []


Overfull \hbox (72.85573pt too wide) has occurred while \output is active
 [][][][]  
 []

[5

 <./spam-1.jpg> <./connaissez-vous-facebook.jpg>]
<voiture-autonome.jpg, id=354, 144.54pt x 96.36pt>
File: voiture-autonome.jpg Graphic file (type jpg)
<use voiture-autonome.jpg>
Package pdftex.def Info: voiture-autonome.jpg  used on input line 157.
(pdftex.def)             Requested size: 171.14764pt x 114.10371pt.
<voitureauto.jpeg, id=355, 284.06125pt x 178.6675pt>
File: voitureauto.jpeg Graphic file (type jpg)
<use voitureauto.jpeg>
Package pdftex.def Info: voitureauto.jpeg  used on input line 157.
(pdftex.def)             Requested size: 171.14764pt x 107.65114pt.

Overfull \hbox (19.04881pt too wide) has occurred while \output is active
 [][][][][]  
 []


Overfull \hbox (72.85573pt too wide) has occurred while \output is active
 [][][][]  
 []

[6

 <./voiture-autonome.jpg> <./voitureauto.jpeg>]
<cortana_.jpg, id=385, 1505.625pt x 846.16125pt>
File: cortana_.jpg Graphic file (type jpg)
<use cortana_.jpg>
Package pdftex.def Info: cortana_.jpg  used on input line 187.
(pdftex.def)             Requested size: 136.91603pt x 76.93881pt.
<voice-control.jpg, id=386, 1927.2pt x 1284.8pt>
File: voice-control.jpg Graphic file (type jpg)
<use voice-control.jpg>
Package pdftex.def Info: voice-control.jpg  used on input line 187.
(pdftex.def)             Requested size: 116.37914pt x 77.57478pt.
<personnalisation.jpg, id=387, 602.25pt x 279.0425pt>
File: personnalisation.jpg Graphic file (type jpg)
<use personnalisation.jpg>
Package pdftex.def Info: personnalisation.jpg  used on input line 187.
(pdftex.def)             Requested size: 136.91603pt x 63.43755pt.
<googlet.jpg, id=388, 578.16pt x 325.215pt>
File: googlet.jpg Graphic file (type jpg)
<use googlet.jpg>
Package pdftex.def Info: googlet.jpg  used on input line 187.
(pdftex.def)             Requested size: 109.537pt x 61.61284pt.

Overfull \vbox (25.48763pt too high) detected at line 187
 []


Overfull \hbox (19.04881pt too wide) has occurred while \output is active
 [][][][][]  
 []


Overfull \hbox (72.85573pt too wide) has occurred while \output is active
 [][][][]  
 []

[7

 <./cortana_.jpg> <./voice-control.jpg> <./personnalisation.jpg> <./googlet.jpg
>]
<bakiadef.jpeg, id=418, 1606.0pt x 1069.9975pt>
File: bakiadef.jpeg Graphic file (type jpg)
<use bakiadef.jpeg>
Package pdftex.def Info: bakiadef.jpeg  used on input line 203.
(pdftex.def)             Requested size: 364.17706pt x 273.1478pt.

Overfull \hbox (19.04881pt too wide) has occurred while \output is active
 [][][][][]  
 []


Overfull \hbox (72.85573pt too wide) has occurred while \output is active
 [][][][]  
 []

[8

 <./bakiadef.jpeg>]
<AIhistory.jpeg, id=449, 411.5375pt x 775.89874pt>
File: AIhistory.jpeg Graphic file (type jpg)
<use AIhistory.jpeg>
Package pdftex.def Info: AIhistory.jpeg  used on input line 214.
(pdftex.def)             Requested size: 205.37926pt x 387.21439pt.

Overfull \vbox (169.2104pt too high) detected at line 214
 []


Overfull \hbox (19.04881pt too wide) has occurred while \output is active
 [][][][][]  
 []


Overfull \hbox (72.85573pt too wide) has occurred while \output is active
 [][][][]  
 []

[9

 <./AIhistory.jpeg>]
<hia.jpeg, id=481, 411.5375pt x 379.4175pt>
File: hia.jpeg Graphic file (type jpg)
<use hia.jpeg>
Package pdftex.def Info: hia.jpeg  used on input line 221.
(pdftex.def)             Requested size: 205.37926pt x 189.34933pt.

Overfull \hbox (19.04881pt too wide) has occurred while \output is active
 [][][][][]  
 []


Overfull \hbox (72.85573pt too wide) has occurred while \output is active
 [][][][]  
 []

[10

 <./hia.jpeg>]
<PopularAI.jpeg, id=511, 1204.5pt x 1204.5pt>
File: PopularAI.jpeg Graphic file (type jpg)
<use PopularAI.jpeg>
Package pdftex.def Info: PopularAI.jpeg  used on input line 228.
(pdftex.def)             Requested size: 205.37926pt x 205.3688pt.

Overfull \hbox (19.04881pt too wide) has occurred while \output is active
 [][][][][]  
 []


Overfull \hbox (72.85573pt too wide) has occurred while \output is active
 [][][][]  
 []

[11

 <./PopularAI.jpeg>]
<BrevetIA.jpeg, id=542, 963.6pt x 686.565pt>
File: BrevetIA.jpeg Graphic file (type jpg)
<use BrevetIA.jpeg>
Package pdftex.def Info: BrevetIA.jpeg  used on input line 235.
(pdftex.def)             Requested size: 342.2953pt x 243.88419pt.

Overfull \vbox (25.8802pt too high) detected at line 235
 []


Overfull \hbox (19.04881pt too wide) has occurred while \output is active
 [][][][][]  
 []


Overfull \hbox (72.85573pt too wide) has occurred while \output is active
 [][][][]  
 []

[12

 <./BrevetIA.jpeg>]
<Fut.jpg, id=571, 682.55pt x 401.5pt>
File: Fut.jpg Graphic file (type jpg)
<use Fut.jpg>
Package pdftex.def Info: Fut.jpg  used on input line 242.
(pdftex.def)             Requested size: 342.2953pt x 201.34988pt.

Overfull \hbox (19.04881pt too wide) has occurred while \output is active
 [][][][][]  
 []


Overfull \hbox (72.85573pt too wide) has occurred while \output is active
 [][][][]  
 []

[13

 <./Fut.jpg>]
<compar.png, id=601, 1023.825pt x 576.1525pt>
File: compar.png Graphic file (type png)
<use compar.png>
Package pdftex.def Info: compar.png  used on input line 252.
(pdftex.def)             Requested size: 342.2953pt x 192.61887pt.

Overfull \vbox (3.94406pt too high) detected at line 252
 []


Overfull \hbox (19.04881pt too wide) has occurred while \output is active
 [][][][][]  
 []


Overfull \hbox (72.85573pt too wide) has occurred while \output is active
 [][][][]  
 []

[14

 <./compar.png (PNG copy)>]
<tml.png, id=631, 770.88pt x 551.05875pt>
File: tml.png Graphic file (type png)
<use tml.png>
Package pdftex.def Info: tml.png  used on input line 258.
(pdftex.def)             Requested size: 308.06367pt x 220.21777pt.

Overfull \vbox (2.21379pt too high) detected at line 258
 []


Overfull \hbox (19.04881pt too wide) has occurred while \output is active
 [][][][][]  
 []


Overfull \hbox (72.85573pt too wide) has occurred while \output is active
 [][][][]  
 []

[15

 <./tml.png>]
<white-male-cyborg-thinking-touching-his-head.jpg, id=664, 1003.75pt x 732.7375
pt>
File: white-male-cyborg-thinking-touching-his-head.jpg Graphic file (type jpg)
<use white-male-cyborg-thinking-touching-his-head.jpg>
Package pdftex.def Info: white-male-cyborg-thinking-touching-his-head.jpg  used
 on input line 271.
(pdftex.def)             Requested size: 364.1985pt x 273.14351pt.

Overfull \hbox (19.04881pt too wide) has occurred while \output is active
 [][][][][]  
 []


Overfull \hbox (72.85573pt too wide) has occurred while \output is active
 [][][][]  
 []

[16

 <./white-male-cyborg-thinking-touching-his-head.jpg>]
Overfull \hbox (19.04881pt too wide) has occurred while \output is active
 [][][][][]  
 []


Overfull \hbox (72.85573pt too wide) has occurred while \output is active
 [][][][]  
 []

[17

]
Overfull \hbox (19.04881pt too wide) has occurred while \output is active
 [][][][][]  
 []


Overfull \hbox (72.85573pt too wide) has occurred while \output is active
 [][][][]  
 []

[18

] [19

]<<VPlayer.swf>><<Robotshumanoïdes.mp4>> [20

]
<bigDa.jpg, id=824, 1304.875pt x 733.74126pt>
File: bigDa.jpg Graphic file (type jpg)
<use bigDa.jpg>
Package pdftex.def Info: bigDa.jpg  used on input line 340.
(pdftex.def)             Requested size: 205.37926pt x 115.48648pt.

Overfull \hbox (19.04881pt too wide) has occurred while \output is active
 [][][][][]  
 []


Overfull \hbox (72.85573pt too wide) has occurred while \output is active
 [][][][]  
 []

[21

 <./bigDa.jpg>] Excluding 'comment' comment.
<big_data_benefits.jpg, id=857, 1204.5pt x 869.2475pt>
File: big_data_benefits.jpg Graphic file (type jpg)
<use big_data_benefits.jpg>
Package pdftex.def Info: big_data_benefits.jpg  used on input line 365.
(pdftex.def)             Requested size: 205.37926pt x 148.20781pt.

Overfull \hbox (19.04881pt too wide) has occurred while \output is active
 [][][][][]  
 []


Overfull \hbox (72.85573pt too wide) has occurred while \output is active
 [][][][]  
 []

[22

 <./big_data_benefits.jpg>]
<ia-capteurs-iot.jpg, id=889, 564.60938pt x 358.33875pt>
File: ia-capteurs-iot.jpg Graphic file (type jpg)
<use ia-capteurs-iot.jpg>
Package pdftex.def Info: ia-capteurs-iot.jpg  used on input line 386.
(pdftex.def)             Requested size: 205.37926pt x 130.34692pt.

Overfull \hbox (19.04881pt too wide) has occurred while \output is active
 [][][][][]  
 []


Overfull \hbox (72.85573pt too wide) has occurred while \output is active
 [][][][]  
 []

[23

 <./ia-capteurs-iot.jpg>]
<ml-shema.png, id=918, 268.75406pt x 208.52907pt>
File: ml-shema.png Graphic file (type png)
<use ml-shema.png>
Package pdftex.def Info: ml-shema.png  used on input line 406.
(pdftex.def)             Requested size: 171.14764pt x 132.79631pt.

Overfull \hbox (19.04881pt too wide) has occurred while \output is active
 [][][][][]  
 []


Overfull \hbox (72.85573pt too wide) has occurred while \output is active
 [][][][]  
 []

[24

 <./ml-shema.png>]
Overfull \hbox (19.04881pt too wide) has occurred while \output is active
 [][][][][]  
 []


Overfull \hbox (72.85573pt too wide) has occurred while \output is active
 [][][][]  
 []

[25

]
<DataMethod.jpg, id=979, 1405.25pt x 847.165pt>
File: DataMethod.jpg Graphic file (type jpg)
<use DataMethod.jpg>
Package pdftex.def Info: DataMethod.jpg  used on input line 426.
(pdftex.def)             Requested size: 281.04501pt x 169.43pt.

Overfull \hbox (19.04881pt too wide) has occurred while \output is active
 [][][][][]  
 []


Overfull \hbox (72.85573pt too wide) has occurred while \output is active
 [][][][]  
 []

[26

 <./DataMethod.jpg>]
<Machine-Learning-3.png, id=1011, 447.6725pt x 217.81375pt>
File: Machine-Learning-3.png Graphic file (type png)
<use Machine-Learning-3.png>
Package pdftex.def Info: Machine-Learning-3.png  used on input line 454.
(pdftex.def)             Requested size: 205.37926pt x 99.92964pt.

Overfull \hbox (19.04881pt too wide) has occurred while \output is active
 [][][][][]  
 []


Overfull \hbox (72.85573pt too wide) has occurred while \output is active
 [][][][]  
 []

[27

 <./Machine-Learning-3.png>]
<CR.png, id=1047, 1405.25pt x 702.625pt>
File: CR.png Graphic file (type png)
<use CR.png>
Package pdftex.def Info: CR.png  used on input line 463.
(pdftex.def)             Requested size: 342.2953pt x 171.1422pt.

Overfull \hbox (19.04881pt too wide) has occurred while \output is active
 [][][][][]  
 []


Overfull \hbox (72.85573pt too wide) has occurred while \output is active
 [][][][]  
 []

[28

 <./CR.png (PNG copy)>]
<ml_map.png, id=1077, 3651.35571pt x 2276.505pt>
File: ml_map.png Graphic file (type png)
<use ml_map.png>
Package pdftex.def Info: ml_map.png  used on input line 474.
(pdftex.def)             Requested size: 342.2953pt x 213.38708pt.

Overfull \vbox (2.51814pt too high) detected at line 474
 []


Overfull \hbox (19.04881pt too wide) has occurred while \output is active
 [][][][][]  
 []


Overfull \hbox (72.85573pt too wide) has occurred while \output is active
 [][][][]  
 []

[29

 <./ml_map.png>]
Overfull \hbox (19.04881pt too wide) has occurred while \output is active
 [][][][][]  
 []


Overfull \hbox (72.85573pt too wide) has occurred while \output is active
 [][][][]  
 []

[30

]
Overfull \hbox (19.04881pt too wide) has occurred while \output is active
 [][][][][]  
 []


Overfull \hbox (72.85573pt too wide) has occurred while \output is active
 [][][][]  
 []

[31

]
Overfull \hbox (19.04881pt too wide) has occurred while \output is active
 [][][][][]  
 []


Overfull \hbox (72.85573pt too wide) has occurred while \output is active
 [][][][]  
 []

[32

]
Overfull \hbox (19.04881pt too wide) has occurred while \output is active
 [][][][][]  
 []


Overfull \hbox (72.85573pt too wide) has occurred while \output is active
 [][][][]  
 []

[33

]
Overfull \hbox (19.04881pt too wide) has occurred while \output is active
 [][][][][]  
 []


Overfull \hbox (72.85573pt too wide) has occurred while \output is active
 [][][][]  
 []

[34

]
Overfull \hbox (19.04881pt too wide) has occurred while \output is active
 [][][][][]  
 []


Overfull \hbox (72.85573pt too wide) has occurred while \output is active
 [][][][]  
 []

[35

]
<segmentation.jpg, id=1286, 903.375pt x 602.25pt>
File: segmentation.jpg Graphic file (type jpg)
<use segmentation.jpg>
Package pdftex.def Info: segmentation.jpg  used on input line 593.
(pdftex.def)             Requested size: 171.14764pt x 114.09785pt.
<Machine-Learning-9.png, id=1287, 425.59pt x 169.63374pt>
File: Machine-Learning-9.png Graphic file (type png)
<use Machine-Learning-9.png>
Package pdftex.def Info: Machine-Learning-9.png  used on input line 593.
(pdftex.def)             Requested size: 171.14764pt x 68.21725pt.

Overfull \hbox (19.04881pt too wide) has occurred while \output is active
 [][][][][]  
 []


Overfull \hbox (72.85573pt too wide) has occurred while \output is active
 [][][][]  
 []

[36

 <./segmentation.jpg> <./Machine-Learning-9.png>]
<Net.png, id=1318, 1234.6125pt x 558.085pt>
File: Net.png Graphic file (type png)
<use Net.png>
Package pdftex.def Info: Net.png  used on input line 601.
(pdftex.def)             Requested size: 290.9531pt x 131.51616pt.

Overfull \hbox (19.04881pt too wide) has occurred while \output is active
 [][][][][]  
 []


Overfull \hbox (72.85573pt too wide) has occurred while \output is active
 [][][][]  
 []

[37

 <./Net.png (PNG copy)>]
Overfull \hbox (19.04881pt too wide) has occurred while \output is active
 [][][][][]  
 []


Overfull \hbox (72.85573pt too wide) has occurred while \output is active
 [][][][]  
 []

[38

]
Overfull \hbox (19.04881pt too wide) has occurred while \output is active
 [][][][][]  
 []


Overfull \hbox (72.85573pt too wide) has occurred while \output is active
 [][][][]  
 []

[39

]
Overfull \hbox (19.04881pt too wide) has occurred while \output is active
 [][][][][]  
 []


Overfull \hbox (72.85573pt too wide) has occurred while \output is active
 [][][][]  
 []

[40

]
<OverUnderFit.jpeg, id=1437, 1084.05pt x 716.6775pt>
File: OverUnderFit.jpeg Graphic file (type jpg)
<use OverUnderFit.jpeg>
Package pdftex.def Info: OverUnderFit.jpeg  used on input line 683.
(pdftex.def)             Requested size: 256.72147pt x 169.72057pt.

Overfull \vbox (17.24577pt too high) detected at line 683
 []


Overfull \hbox (19.04881pt too wide) has occurred while \output is active
 [][][][][]  
 []


Overfull \hbox (72.85573pt too wide) has occurred while \output is active
 [][][][]  
 []

[41

 <./OverUnderFit.jpeg>]
<machineLearning.png, id=1466, 289.83281pt x 198.7425pt>
File: machineLearning.png Graphic file (type png)
<use machineLearning.png>
Package pdftex.def Info: machineLearning.png  used on input line 693.
(pdftex.def)             Requested size: 231.86655pt x 158.9942pt.

Overfull \hbox (19.04881pt too wide) has occurred while \output is active
 [][][][][]  
 []


Overfull \hbox (72.85573pt too wide) has occurred while \output is active
 [][][][]  
 []

[42

 <./machineLearning.png>] Excluding 'comment' comment.
Overfull \hbox (19.04881pt too wide) has occurred while \output is active
 [][][][][]  
 []


Overfull \hbox (72.85573pt too wide) has occurred while \output is active
 [][][][]  
 []

[43

]
<iris.png, id=1530, 565.11125pt x 425.59pt>
File: iris.png Graphic file (type png)
<use iris.png>
Package pdftex.def Info: iris.png  used on input line 763.
(pdftex.def)             Requested size: 154.03183pt x 116.00182pt.
<Rtree3.png, id=1531, 329.23pt x 252.27583pt>
File: Rtree3.png Graphic file (type png)
<use Rtree3.png>
Package pdftex.def Info: Rtree3.png  used on input line 763.
(pdftex.def)             Requested size: 154.03183pt x 118.03073pt.

Overfull \hbox (19.04881pt too wide) has occurred while \output is active
 [][][][][]  
 []


Overfull \hbox (72.85573pt too wide) has occurred while \output is active
 [][][][]  
 []

[44

 <./iris.png> <./Rtree3.png>]
<csvm.jpeg, id=1563, 263.98625pt x 192.72pt>
File: csvm.jpeg Graphic file (type jpg)
<use csvm.jpeg>
Package pdftex.def Info: csvm.jpeg  used on input line 788.
(pdftex.def)             Requested size: 154.03183pt x 112.44814pt.
<SVR_2.png, id=1564, 492.84125pt x 282.05376pt>
File: SVR_2.png Graphic file (type png)
<use SVR_2.png>
Package pdftex.def Info: SVR_2.png  used on input line 788.
(pdftex.def)             Requested size: 154.03183pt x 88.15448pt.

Overfull \vbox (16.7178pt too high) detected at line 788
 []


Overfull \hbox (19.04881pt too wide) has occurred while \output is active
 [][][][][]  
 []


Overfull \hbox (72.85573pt too wide) has occurred while \output is active
 [][][][]  
 []

[45

 <./csvm.jpeg> <./SVR_2.png>]
<destree.png, id=1594, 1027.84pt x 578.16pt>
File: destree.png Graphic file (type png)
<use destree.png>
Package pdftex.def Info: destree.png  used on input line 802.
(pdftex.def)             Requested size: 205.37926pt x 115.52408pt.

Overfull \hbox (19.04881pt too wide) has occurred while \output is active
 [][][][][]  
 []


Overfull \hbox (72.85573pt too wide) has occurred while \output is active
 [][][][]  
 []

[46

 <./destree.png>]
<boosting.png, id=1626, 1405.25pt x 662.475pt>
File: boosting.png Graphic file (type png)
<use boosting.png>
Package pdftex.def Info: boosting.png  used on input line 816.
(pdftex.def)             Requested size: 205.37926pt x 96.81961pt.

Overfull \hbox (19.04881pt too wide) has occurred while \output is active
 [][][][][]  
 []


Overfull \hbox (72.85573pt too wide) has occurred while \output is active
 [][][][]  
 []

[47

 <./boosting.png>]
Overfull \hbox (19.04881pt too wide) has occurred while \output is active
 [][][][][]  
 []


Overfull \hbox (72.85573pt too wide) has occurred while \output is active
 [][][][]  
 []

[48

]
Overfull \hbox (19.04881pt too wide) has occurred while \output is active
 [][][][][]  
 []


Overfull \hbox (72.85573pt too wide) has occurred while \output is active
 [][][][]  
 []

[49

] Excluding 'comment' comment.
Overfull \hbox (19.04881pt too wide) has occurred while \output is active
 [][][][][]  
 []


Overfull \hbox (72.85573pt too wide) has occurred while \output is active
 [][][][]  
 []

[50

]
File: ia_ml.jpg Graphic file (type jpg)
<use ia_ml.jpg>
Package pdftex.def Info: ia_ml.jpg  used on input line 903.
(pdftex.def)             Requested size: 364.21074pt x 273.1634pt.

Overfull \hbox (19.04881pt too wide) has occurred while \output is active
 [][][][][]  
 []


Overfull \hbox (72.85573pt too wide) has occurred while \output is active
 [][][][]  
 []

[51

]
Overfull \hbox (19.04881pt too wide) has occurred while \output is active
 [][][][][]  
 []


Overfull \hbox (72.85573pt too wide) has occurred while \output is active
 [][][][]  
 []

[52

]
Overfull \vbox (176.3962pt too high) detected at line 961
 []


Overfull \hbox (19.04881pt too wide) has occurred while \output is active
 [][][][][]  
 []


Overfull \hbox (72.85573pt too wide) has occurred while \output is active
 [][][][]  
 []

[53

]
Overfull \hbox (19.04881pt too wide) has occurred while \output is active
 [][][][][]  
 []


Overfull \hbox (72.85573pt too wide) has occurred while \output is active
 [][][][]  
 []

[54

]
Overfull \hbox (19.04881pt too wide) has occurred while \output is active
 [][][][][]  
 []


Overfull \hbox (72.85573pt too wide) has occurred while \output is active
 [][][][]  
 []

[55

]
<350px-Schéma_d'une_boîte_noire.jpg, id=1891, 351.3125pt x 125.46875pt>
File: 350px-Schéma_d'une_boîte_noire.jpg Graphic file (type jpg)
<use 350px-Schéma_d'une_boîte_noire.jpg>
Package pdftex.def Info: 350px-Schéma_d'une_boîte_noire.jpg  used on input li
ne 1021.
(pdftex.def)             Requested size: 205.37926pt x 73.352pt.

Overfull \hbox (19.04881pt too wide) has occurred while \output is active
 [][][][][]  
 []


Overfull \hbox (72.85573pt too wide) has occurred while \output is active
 [][][][]  
 []

[56

 <./350px-Schéma_d'une_boîte_noire.jpg>]
Overfull \hbox (19.04881pt too wide) has occurred while \output is active
 [][][][][]  
 []


Overfull \hbox (72.85573pt too wide) has occurred while \output is active
 [][][][]  
 []

[57

]
Overfull \vbox (13.19612pt too high) detected at line 1059
 []


Overfull \hbox (19.04881pt too wide) has occurred while \output is active
 [][][][][]  
 []


Overfull \hbox (72.85573pt too wide) has occurred while \output is active
 [][][][]  
 []

[58

]
Overfull \hbox (19.04881pt too wide) has occurred while \output is active
 [][][][][]  
 []


Overfull \hbox (72.85573pt too wide) has occurred while \output is active
 [][][][]  
 []

[59

]
Overfull \hbox (19.04881pt too wide) has occurred while \output is active
 [][][][][]  
 []


Overfull \hbox (72.85573pt too wide) has occurred while \output is active
 [][][][]  
 []

[60

]
Overfull \hbox (19.04881pt too wide) has occurred while \output is active
 [][][][][]  
 []


Overfull \hbox (72.85573pt too wide) has occurred while \output is active
 [][][][]  
 []

[61

]
Overfull \vbox (15.93361pt too high) detected at line 1116
 []


Overfull \hbox (19.04881pt too wide) has occurred while \output is active
 [][][][][]  
 []


Overfull \hbox (72.85573pt too wide) has occurred while \output is active
 [][][][]  
 []

[62

]
Overfull \hbox (19.04881pt too wide) has occurred while \output is active
 [][][][][]  
 []


Overfull \hbox (72.85573pt too wide) has occurred while \output is active
 [][][][]  
 []

[63

]
Overfull \hbox (19.04881pt too wide) has occurred while \output is active
 [][][][][]  
 []


Overfull \hbox (72.85573pt too wide) has occurred while \output is active
 [][][][]  
 []

[64

]
Overfull \hbox (19.04881pt too wide) has occurred while \output is active
 [][][][][]  
 []


Overfull \hbox (72.85573pt too wide) has occurred while \output is active
 [][][][]  
 []

[65

]
Overfull \hbox (19.04881pt too wide) has occurred while \output is active
 [][][][][]  
 []


Overfull \hbox (72.85573pt too wide) has occurred while \output is active
 [][][][]  
 []

[66

]
Overfull \vbox (101.32532pt too high) detected at line 1212
 []


Overfull \hbox (19.04881pt too wide) has occurred while \output is active
 [][][][][]  
 []


Overfull \hbox (72.85573pt too wide) has occurred while \output is active
 [][][][]  
 []

[67

]
Overfull \vbox (83.32532pt too high) detected at line 1226
 []


Overfull \hbox (19.04881pt too wide) has occurred while \output is active
 [][][][][]  
 []


Overfull \hbox (72.85573pt too wide) has occurred while \output is active
 [][][][]  
 []

[68

]
Overfull \hbox (19.04881pt too wide) has occurred while \output is active
 [][][][][]  
 []


Overfull \hbox (72.85573pt too wide) has occurred while \output is active
 [][][][]  
 []

[69

]
File: ia_ml.jpg Graphic file (type jpg)
<use ia_ml.jpg>
Package pdftex.def Info: ia_ml.jpg  used on input line 1245.
(pdftex.def)             Requested size: 364.21074pt x 273.1634pt.

Overfull \hbox (19.04881pt too wide) has occurred while \output is active
 [][][][][]  
 []


Overfull \hbox (72.85573pt too wide) has occurred while \output is active
 [][][][]  
 []

[70

]
Overfull \vbox (94.79616pt too high) detected at line 1279
 []


Overfull \hbox (19.04881pt too wide) has occurred while \output is active
 [][][][][]  
 []


Overfull \hbox (72.85573pt too wide) has occurred while \output is active
 [][][][]  
 []

[71

]
<AI-ethics.jpg, id=2362, 1204.5pt x 903.375pt>
File: AI-ethics.jpg Graphic file (type jpg)
<use AI-ethics.jpg>
Package pdftex.def Info: AI-ethics.jpg  used on input line 1299.
(pdftex.def)             Requested size: 171.14764pt x 128.36009pt.

Overfull \hbox (19.04881pt too wide) has occurred while \output is active
 [][][][][]  
 []


Overfull \hbox (72.85573pt too wide) has occurred while \output is active
 [][][][]  
 []

[72

 <./AI-ethics.jpg>]
<approachesdata.png, id=2394, 1316.92pt x 624.3325pt>
File: approachesdata.png Graphic file (type png)
<use approachesdata.png>
Package pdftex.def Info: approachesdata.png  used on input line 1323.
(pdftex.def)             Requested size: 273.83728pt x 129.81808pt.

Overfull \vbox (32.97801pt too high) detected at line 1323
 []


Overfull \hbox (19.04881pt too wide) has occurred while \output is active
 [][][][][]  
 []


Overfull \hbox (72.85573pt too wide) has occurred while \output is active
 [][][][]  
 []

[73

 <./approachesdata.png (PNG copy)>]
Overfull \hbox (19.04881pt too wide) has occurred while \output is active
 [][][][][]  
 []


Overfull \hbox (72.85573pt too wide) has occurred while \output is active
 [][][][]  
 []

[74

]
<harcellement.png, id=2454, 632.3625pt x 381.425pt>
File: harcellement.png Graphic file (type png)
<use harcellement.png>
Package pdftex.def Info: harcellement.png  used on input line 1359.
(pdftex.def)             Requested size: 136.91603pt x 82.58095pt.

Overfull \hbox (19.04881pt too wide) has occurred while \output is active
 [][][][][]  
 []


Overfull \hbox (72.85573pt too wide) has occurred while \output is active
 [][][][]  
 []

[75

 <./harcellement.png>]
Overfull \hbox (19.04881pt too wide) has occurred while \output is active
 [][][][][]  
 []


Overfull \hbox (72.85573pt too wide) has occurred while \output is active
 [][][][]  
 []

[76

]
Overfull \hbox (19.04881pt too wide) has occurred while \output is active
 [][][][][]  
 []


Overfull \hbox (72.85573pt too wide) has occurred while \output is active
 [][][][]  
 []

[77

]
<PNL.png, id=2542, 284.39583pt x 85.31876pt>
File: PNL.png Graphic file (type png)
<use PNL.png>
Package pdftex.def Info: PNL.png  used on input line 1453.
(pdftex.def)             Requested size: 273.83728pt x 82.15631pt.

Overfull \vbox (54.9012pt too high) detected at line 1453
 []


Overfull \hbox (19.04881pt too wide) has occurred while \output is active
 [][][][][]  
 []


Overfull \hbox (72.85573pt too wide) has occurred while \output is active
 [][][][]  
 []

[78

 <./PNL.png>]
<Best-Large-Language-Models.jpg, id=2574, 1505.625pt x 752.8125pt>
File: Best-Large-Language-Models.jpg Graphic file (type jpg)
<use Best-Large-Language-Models.jpg>
Package pdftex.def Info: Best-Large-Language-Models.jpg  used on input line 146
8.
(pdftex.def)             Requested size: 205.37926pt x 102.6821pt.

Overfull \hbox (19.04881pt too wide) has occurred while \output is active
 [][][][][]  
 []


Overfull \hbox (72.85573pt too wide) has occurred while \output is active
 [][][][]  
 []

[79

 <./Best-Large-Language-Models.jpg>]
<blog-NLP-pic1.png, id=2605, 765.86125pt x 554.07pt>
File: blog-NLP-pic1.png Graphic file (type png)
<use blog-NLP-pic1.png>
Package pdftex.def Info: blog-NLP-pic1.png  used on input line 1490.
(pdftex.def)             Requested size: 136.91603pt x 99.05194pt.

Overfull \hbox (19.04881pt too wide) has occurred while \output is active
 [][][][][]  
 []


Overfull \hbox (72.85573pt too wide) has occurred while \output is active
 [][][][]  
 []

[80

 <./blog-NLP-pic1.png>]
<C50-decision-tree.png, id=2635, 598.235pt x 616.3025pt>
File: C50-decision-tree.png Graphic file (type png)
<use C50-decision-tree.png>
Package pdftex.def Info: C50-decision-tree.png  used on input line 1507.
(pdftex.def)             Requested size: 171.14764pt x 176.31572pt.

Overfull \vbox (76.93141pt too high) detected at line 1507
 []


Overfull \hbox (19.04881pt too wide) has occurred while \output is active
 [][][][][]  
 []


Overfull \hbox (72.85573pt too wide) has occurred while \output is active
 [][][][]  
 []

[81

 <./C50-decision-tree.png>]
File: ia_ml.jpg Graphic file (type jpg)
<use ia_ml.jpg>
Package pdftex.def Info: ia_ml.jpg  used on input line 1531.
(pdftex.def)             Requested size: 364.21074pt x 273.1634pt.

Overfull \hbox (19.04881pt too wide) has occurred while \output is active
 [][][][][]  
 []


Overfull \hbox (72.85573pt too wide) has occurred while \output is active
 [][][][]  
 []

[82

]
Overfull \vbox (86.09602pt too high) detected at line 1575
 []


Overfull \hbox (19.04881pt too wide) has occurred while \output is active
 [][][][][]  
 []


Overfull \hbox (72.85573pt too wide) has occurred while \output is active
 [][][][]  
 []

[83

]
<power-bi-data.jpg, id=2723, 639.89063pt x 350.05782pt>
File: power-bi-data.jpg Graphic file (type jpg)
<use power-bi-data.jpg>
Package pdftex.def Info: power-bi-data.jpg  used on input line 1599.
(pdftex.def)             Requested size: 171.14764pt x 93.62485pt.

Overfull \hbox (19.04881pt too wide) has occurred while \output is active
 [][][][][]  
 []


Overfull \hbox (72.85573pt too wide) has occurred while \output is active
 [][][][]  
 []

[84

 <./power-bi-data.jpg>]
Overfull \hbox (19.04881pt too wide) has occurred while \output is active
 [][][][][]  
 []


Overfull \hbox (72.85573pt too wide) has occurred while \output is active
 [][][][]  
 []

[85

]
Overfull \hbox (19.04881pt too wide) has occurred while \output is active
 [][][][][]  
 []


Overfull \hbox (72.85573pt too wide) has occurred while \output is active
 [][][][]  
 []

[86

]
Overfull \hbox (19.04881pt too wide) has occurred while \output is active
 [][][][][]  
 []


Overfull \hbox (72.85573pt too wide) has occurred while \output is active
 [][][][]  
 []

[87

]
Overfull \hbox (19.04881pt too wide) has occurred while \output is active
 [][][][][]  
 []


Overfull \hbox (72.85573pt too wide) has occurred while \output is active
 [][][][]  
 []

[88

]
Overfull \vbox (3.68753pt too high) detected at line 1686
 []


Overfull \hbox (19.04881pt too wide) has occurred while \output is active
 [][][][][]  
 []


Overfull \hbox (72.85573pt too wide) has occurred while \output is active
 [][][][]  
 []

[89

]
<py.jpg, id=2893, 752.8125pt x 423.5825pt>
File: py.jpg Graphic file (type jpg)
<use py.jpg>
Package pdftex.def Info: py.jpg  used on input line 1704.
(pdftex.def)             Requested size: 364.20615pt x 273.15367pt.

Overfull \hbox (19.04881pt too wide) has occurred while \output is active
 [][][][][]  
 []


Overfull \hbox (72.85573pt too wide) has occurred while \output is active
 [][][][]  
 []

[90

 <./py.jpg>]
Overfull \vbox (1.72528pt too high) detected at line 1730
 []


Overfull \hbox (19.04881pt too wide) has occurred while \output is active
 [][][][][]  
 []


Overfull \hbox (72.85573pt too wide) has occurred while \output is active
 [][][][]  
 []

[91

]
<PythonIDE.jpg, id=2953, 1027.84pt x 575.14874pt>
File: PythonIDE.jpg Graphic file (type jpg)
<use PythonIDE.jpg>
Package pdftex.def Info: PythonIDE.jpg  used on input line 1738.
(pdftex.def)             Requested size: 342.2953pt x 191.53732pt.

Overfull \hbox (19.04881pt too wide) has occurred while \output is active
 [][][][][]  
 []


Overfull \hbox (72.85573pt too wide) has occurred while \output is active
 [][][][]  
 []

[92

 <./PythonIDE.jpg>]
<From Understanding to Approach.png, id=2983, 1371.1225pt x 543.02875pt>
File: From Understanding to Approach.png Graphic file (type png)
<use From Understanding to Approach.png>
Package pdftex.def Info: From Understanding to Approach.png  used on input line
 1747.
(pdftex.def)             Requested size: 342.2953pt x 135.56627pt.

Overfull \hbox (19.04881pt too wide) has occurred while \output is active
 [][][][][]  
 []


Overfull \hbox (72.85573pt too wide) has occurred while \output is active
 [][][][]  
 []

[93

 <./From Understanding to Approach.png>]
<photo1.jpg, id=3015, 602.25pt x 803.0pt>
File: photo1.jpg Graphic file (type jpg)
<use photo1.jpg>
Package pdftex.def Info: photo1.jpg  used on input line 1777.
(pdftex.def)             Requested size: 68.45801pt x 91.27094pt.
<photo2.jpg, id=3016, 803.0pt x 602.25pt>
File: photo2.jpg Graphic file (type jpg)
<use photo2.jpg>
Package pdftex.def Info: photo2.jpg  used on input line 1777.
(pdftex.def)             Requested size: 107.82181pt x 80.85913pt.
<photo3.jpg, id=3017, 803.0pt x 602.25pt>
File: photo3.jpg Graphic file (type jpg)
<use photo3.jpg>
Package pdftex.def Info: photo3.jpg  used on input line 1777.
(pdftex.def)             Requested size: 77.01591pt x 57.75652pt.
<photo4.jpg, id=3018, 803.0pt x 602.25pt>
File: photo4.jpg Graphic file (type jpg)
<use photo4.jpg>
Package pdftex.def Info: photo4.jpg  used on input line 1777.
(pdftex.def)             Requested size: 77.01591pt x 57.75652pt.

Overfull \vbox (9.51236pt too high) detected at line 1777
 []


Overfull \hbox (19.04881pt too wide) has occurred while \output is active
 [][][][][]  
 []


Overfull \hbox (72.85573pt too wide) has occurred while \output is active
 [][][][]  
 []

[94

 <./photo1.jpg> <./photo2.jpg> <./photo3.jpg> <./photo4.jpg>]
Overfull \hbox (19.04881pt too wide) has occurred while \output is active
 [][][][][]  
 []


Overfull \hbox (72.85573pt too wide) has occurred while \output is active
 [][][][]  
 []

[95

]
<informativetree.png, id=3077, 1027.84pt x 372.39125pt>
File: informativetree.png Graphic file (type png)
<use informativetree.png>
Package pdftex.def Info: informativetree.png  used on input line 1819.
(pdftex.def)             Requested size: 205.37926pt x 74.40874pt.

Overfull \hbox (19.04881pt too wide) has occurred while \output is active
 [][][][][]  
 []


Overfull \hbox (72.85573pt too wide) has occurred while \output is active
 [][][][]  
 []

[96

 <./informativetree.png (PNG copy)>]
<requirements.png, id=3108, 1335.99126pt x 694.595pt>
File: requirements.png Graphic file (type png)
<use requirements.png>
Package pdftex.def Info: requirements.png  used on input line 1830.
(pdftex.def)             Requested size: 342.2953pt x 177.96198pt.

Overfull \hbox (19.04881pt too wide) has occurred while \output is active
 [][][][][]  
 []


Overfull \hbox (72.85573pt too wide) has occurred while \output is active
 [][][][]  
 []

[97

 <./requirements.png>]
<data collection.png, id=3140, 770.88pt x 578.16pt>
File: data collection.png Graphic file (type png)
<use data collection.png>
Package pdftex.def Info: data collection.png  used on input line 1836.
(pdftex.def)             Requested size: 342.2953pt x 256.72018pt.

Overfull \vbox (46.7162pt too high) detected at line 1836
 []


Overfull \hbox (19.04881pt too wide) has occurred while \output is active
 [][][][][]  
 []


Overfull \hbox (72.85573pt too wide) has occurred while \output is active
 [][][][]  
 []

[98

 <./data collection.png>]
<data understanding .png, id=3171, 1406.25375pt x 669.50125pt>
File: data understanding .png Graphic file (type png)
<use data understanding .png>
Package pdftex.def Info: data understanding .png  used on input line 1844.
(pdftex.def)             Requested size: 342.2953pt x 162.96169pt.


LaTeX Font Warning: Font shape `OT1/cmss/bx/it' undefined
(Font)              using `OT1/cmss/bx/n' instead on input line 1844.


Overfull \vbox (10.09521pt too high) detected at line 1844
 []


Overfull \hbox (19.04881pt too wide) has occurred while \output is active
 [][][][][]  
 []


Overfull \hbox (72.85573pt too wide) has occurred while \output is active
 [][][][]  
 []

[99

 <./data understanding .png>]
\openout4 = `"AI, ML & DL With Python.vrb"'.

 (./AI, ML & DL With Python.vrb)
Overfull \hbox (19.04881pt too wide) has occurred while \output is active
 [][][][][]  
 []


Overfull \hbox (72.85573pt too wide) has occurred while \output is active
 [][][][]  
 []

[100

]
Overfull \hbox (19.04881pt too wide) has occurred while \output is active
 [][][][][]  
 []


Overfull \hbox (72.85573pt too wide) has occurred while \output is active
 [][][][]  
 []

[101

]
\openout4 = `"AI, ML & DL With Python.vrb"'.

 (./AI, ML & DL With Python.vrb)
Overfull \hbox (19.04881pt too wide) has occurred while \output is active
 [][][][][]  
 []


Overfull \hbox (72.85573pt too wide) has occurred while \output is active
 [][][][]  
 []

[102

]
\openout4 = `"AI, ML & DL With Python.vrb"'.

 (./AI, ML & DL With Python.vrb)
Overfull \vbox (7.39601pt too high) detected at line 1919
 []


Overfull \hbox (19.04881pt too wide) has occurred while \output is active
 [][][][][]  
 []


Overfull \hbox (72.85573pt too wide) has occurred while \output is active
 [][][][]  
 []

[103

]
\openout4 = `"AI, ML & DL With Python.vrb"'.

 (./AI, ML & DL With Python.vrb)
Overfull \vbox (125.796pt too high) detected at line 1951
 []


Overfull \hbox (19.04881pt too wide) has occurred while \output is active
 [][][][][]  
 []


Overfull \hbox (72.85573pt too wide) has occurred while \output is active
 [][][][]  
 []

[104

]
<Modelling.png, id=3351, 903.375pt x 427.5975pt>
File: Modelling.png Graphic file (type png)
<use Modelling.png>
Package pdftex.def Info: Modelling.png  used on input line 1959.
(pdftex.def)             Requested size: 342.2953pt x 162.01897pt.

Overfull \hbox (19.04881pt too wide) has occurred while \output is active
 [][][][][]  
 []


Overfull \hbox (72.85573pt too wide) has occurred while \output is active
 [][][][]  
 []

[105

 <./Modelling.png>]
File: Modelling.png Graphic file (type png)
<use Modelling.png>
Package pdftex.def Info: Modelling.png  used on input line 1968.
(pdftex.def)             Requested size: 342.2953pt x 162.01897pt.

Overfull \hbox (19.04881pt too wide) has occurred while \output is active
 [][][][][]  
 []


Overfull \hbox (72.85573pt too wide) has occurred while \output is active
 [][][][]  
 []

[106

]
<deploy.png, id=3410, 851.18pt x 424.58624pt>
File: deploy.png Graphic file (type png)
<use deploy.png>
Package pdftex.def Info: deploy.png  used on input line 1974.
(pdftex.def)             Requested size: 342.2953pt x 170.74498pt.

Overfull \hbox (19.04881pt too wide) has occurred while \output is active
 [][][][][]  
 []


Overfull \hbox (72.85573pt too wide) has occurred while \output is active
 [][][][]  
 []

[107

 <./deploy.png>]
<python-coding-mistakes.jpg, id=3441, 903.375pt x 451.6875pt>
File: python-coding-mistakes.jpg Graphic file (type jpg)
<use python-coding-mistakes.jpg>
Package pdftex.def Info: python-coding-mistakes.jpg  used on input line 1989.
(pdftex.def)             Requested size: 364.19696pt x 273.15805pt.

Overfull \hbox (19.04881pt too wide) has occurred while \output is active
 [][][][][]  
 []


Overfull \hbox (72.85573pt too wide) has occurred while \output is active
 [][][][]  
 []

[108

 <./python-coding-mistakes.jpg>]
Overfull \hbox (19.04881pt too wide) has occurred while \output is active
 [][][][][]  
 []


Overfull \hbox (72.85573pt too wide) has occurred while \output is active
 [][][][]  
 []

[109

]
Overfull \hbox (19.04881pt too wide) has occurred while \output is active
 [][][][][]  
 []


Overfull \hbox (72.85573pt too wide) has occurred while \output is active
 [][][][]  
 []

[110

]
Overfull \hbox (19.04881pt too wide) has occurred while \output is active
 [][][][][]  
 []


Overfull \hbox (72.85573pt too wide) has occurred while \output is active
 [][][][]  
 []

[111

]
Overfull \hbox (19.04881pt too wide) has occurred while \output is active
 [][][][][]  
 []


Overfull \hbox (72.85573pt too wide) has occurred while \output is active
 [][][][]  
 []

[112

]
Overfull \hbox (19.04881pt too wide) has occurred while \output is active
 [][][][][]  
 []


Overfull \hbox (72.85573pt too wide) has occurred while \output is active
 [][][][]  
 []

[113

]
Overfull \hbox (19.04881pt too wide) has occurred while \output is active
 [][][][][]  
 []


Overfull \hbox (72.85573pt too wide) has occurred while \output is active
 [][][][]  
 []

[114

]
Overfull \hbox (19.04881pt too wide) has occurred while \output is active
 [][][][][]  
 []


Overfull \hbox (72.85573pt too wide) has occurred while \output is active
 [][][][]  
 []

[115

]
<deepll.jpeg, id=3673, 268.00125pt x 189.70876pt>
File: deepll.jpeg Graphic file (type jpg)
<use deepll.jpeg>
Package pdftex.def Info: deepll.jpeg  used on input line 2080.
(pdftex.def)             Requested size: 342.2953pt x 242.29663pt.

Overfull \vbox (24.29265pt too high) detected at line 2080
 []

File: deepll.jpeg Graphic file (type jpg)
<use deepll.jpeg>
Package pdftex.def Info: deepll.jpeg  used on input line 2080.
(pdftex.def)             Requested size: 364.19469pt x 273.17459pt.

Overfull \hbox (19.04881pt too wide) has occurred while \output is active
 [][][][][]  
 []


Overfull \hbox (72.85573pt too wide) has occurred while \output is active
 [][][][]  
 []

[116

 <./deepll.jpeg>]
<depl.jpeg, id=3701, 311.1625pt x 163.61125pt>
File: depl.jpeg Graphic file (type jpg)
<use depl.jpeg>
Package pdftex.def Info: depl.jpeg  used on input line 2098.
(pdftex.def)             Requested size: 239.60567pt x 125.98604pt.

Overfull \hbox (19.04881pt too wide) has occurred while \output is active
 [][][][][]  
 []


Overfull \hbox (72.85573pt too wide) has occurred while \output is active
 [][][][]  
 []

[117

 <./depl.jpeg>] Excluding 'comment' comment.
<brain.png, id=3731, 640.3925pt x 480.79625pt>
File: brain.png Graphic file (type png)
<use brain.png>
Package pdftex.def Info: brain.png  used on input line 2194.
(pdftex.def)             Requested size: 171.14764pt x 128.48883pt.
<RNN-BIO-Math.jpeg, id=3732, 301.125pt x 168.63pt>
File: RNN-BIO-Math.jpeg Graphic file (type jpg)
<use RNN-BIO-Math.jpeg>
Package pdftex.def Info: RNN-BIO-Math.jpeg  used on input line 2194.
(pdftex.def)             Requested size: 171.14764pt x 95.84734pt.

Overfull \hbox (19.04881pt too wide) has occurred while \output is active
 [][][][][]  
 []


Overfull \hbox (72.85573pt too wide) has occurred while \output is active
 [][][][]  
 []

[118

 <./brain.png (PNG copy)> <./RNN-BIO-Math.jpeg>]
<rnbio.jpg, id=3763, 1284.8pt x 722.7pt>
File: rnbio.jpg Graphic file (type jpg)
<use rnbio.jpg>
Package pdftex.def Info: rnbio.jpg  used on input line 2210.
(pdftex.def)             Requested size: 171.14764pt x 96.27007pt.
<Architecture-perceptron.png, id=3764, 1027.84pt x 577.15625pt>
File: Architecture-perceptron.png Graphic file (type png)
<use Architecture-perceptron.png>
Package pdftex.def Info: Architecture-perceptron.png  used on input line 2210.
(pdftex.def)             Requested size: 171.14764pt x 96.09853pt.

Overfull \hbox (19.04881pt too wide) has occurred while \output is active
 [][][][][]  
 []


Overfull \hbox (72.85573pt too wide) has occurred while \output is active
 [][][][]  
 []

[119

 <./rnbio.jpg> <./Architecture-perceptron.png>]
<Perceptron_4.png, id=3795, 483.8075pt x 374.39874pt>
File: Perceptron_4.png Graphic file (type png)
<use Perceptron_4.png>
Package pdftex.def Info: Perceptron_4.png  used on input line 2226.
(pdftex.def)             Requested size: 171.14764pt x 132.44116pt.
<Architecture-perceptron-multi-couches-1.png, id=3796, 544.0325pt x 296.10625pt
>
File: Architecture-perceptron-multi-couches-1.png Graphic file (type png)
<use Architecture-perceptron-multi-couches-1.png>
Package pdftex.def Info: Architecture-perceptron-multi-couches-1.png  used on i
nput line 2226.
(pdftex.def)             Requested size: 171.14764pt x 93.15196pt.

Overfull \hbox (19.04881pt too wide) has occurred while \output is active
 [][][][][]  
 []


Overfull \hbox (72.85573pt too wide) has occurred while \output is active
 [][][][]  
 []

[120

 <./Perceptron_4.png> <./Architecture-perceptron-multi-couches-1.png (PNG copy)
>]
Overfull \vbox (379.6665pt too high) detected at line 2278
 []


Overfull \hbox (19.04881pt too wide) has occurred while \output is active
 [][][][][]  
 []


Overfull \hbox (72.85573pt too wide) has occurred while \output is active
 [][][][]  
 []

[121

]
Overfull \hbox (19.04881pt too wide) has occurred while \output is active
 [][][][][]  
 []


Overfull \hbox (72.85573pt too wide) has occurred while \output is active
 [][][][]  
 []

[122

]
Overfull \hbox (19.04881pt too wide) has occurred while \output is active
 [][][][][]  
 []


Overfull \hbox (72.85573pt too wide) has occurred while \output is active
 [][][][]  
 []

[123

]
<mlpr.png, id=3916, 599.23875pt x 325.215pt>
File: mlpr.png Graphic file (type png)
<use mlpr.png>
Package pdftex.def Info: mlpr.png  used on input line 2323.
(pdftex.def)             Requested size: 188.26344pt x 102.17033pt.

Overfull \hbox (17.1158pt too wide) in paragraph at lines 2323--2323
 [][] 
 []

<mlc.jpeg, id=3917, 224.5188pt x 144.2991pt>
File: mlc.jpeg Graphic file (type jpg)
<use mlc.jpeg>
Package pdftex.def Info: mlc.jpeg  used on input line 2323.
(pdftex.def)             Requested size: 171.14764pt x 109.9965pt.

Overfull \hbox (19.04881pt too wide) has occurred while \output is active
 [][][][][]  
 []


Overfull \hbox (72.85573pt too wide) has occurred while \output is active
 [][][][]  
 []

[124

 <./mlpr.png> <./mlc.jpeg>]
<rnn.jpeg, id=3948, 545.03625pt x 293.095pt>
File: rnn.jpeg Graphic file (type jpg)
<use rnn.jpeg>
Package pdftex.def Info: rnn.jpeg  used on input line 2342.
(pdftex.def)             Requested size: 171.14764pt x 92.0347pt.
<rnnp.png, id=3949, 376.40625pt x 368.37625pt>
File: rnnp.png Graphic file (type png)
<use rnnp.png>
Package pdftex.def Info: rnnp.png  used on input line 2342.
(pdftex.def)             Requested size: 171.14764pt x 167.49902pt.

Overfull \hbox (19.04881pt too wide) has occurred while \output is active
 [][][][][]  
 []


Overfull \hbox (72.85573pt too wide) has occurred while \output is active
 [][][][]  
 []

[125

 <./rnn.jpeg> <./rnnp.png>]
<chiffre.png, id=3981, 285.065pt x 177.66376pt>
File: chiffre.png Graphic file (type png)
<use chiffre.png>
Package pdftex.def Info: chiffre.png  used on input line 2361.
(pdftex.def)             Requested size: 171.14764pt x 106.66412pt.
<oiseau.jpeg, id=3982, 367.3725pt x 138.5175pt>
File: oiseau.jpeg Graphic file (type jpg)
<use oiseau.jpeg>
Package pdftex.def Info: oiseau.jpeg  used on input line 2361.
(pdftex.def)             Requested size: 171.14764pt x 64.53255pt.

Overfull \hbox (19.04881pt too wide) has occurred while \output is active
 [][][][][]  
 []


Overfull \hbox (72.85573pt too wide) has occurred while \output is active
 [][][][]  
 []

[126

 <./chiffre.png> <./oiseau.jpeg>]
<ls.png, id=4013, 1091.07625pt x 678.535pt>
File: ls.png Graphic file (type png)
<use ls.png>
Package pdftex.def Info: ls.png  used on input line 2380.
(pdftex.def)             Requested size: 171.14764pt x 106.43497pt.
<gan.jpg, id=4014, 438.09691pt x 180.35522pt>
File: gan.jpg Graphic file (type jpg)
<use gan.jpg>
Package pdftex.def Info: gan.jpg  used on input line 2380.
(pdftex.def)             Requested size: 171.14764pt x 70.45657pt.

Overfull \hbox (19.04881pt too wide) has occurred while \output is active
 [][][][][]  
 []


Overfull \hbox (72.85573pt too wide) has occurred while \output is active
 [][][][]  
 []

[127

 <./ls.png (PNG copy)> <./gan.jpg>]
Overfull \hbox (19.04881pt too wide) has occurred while \output is active
 [][][][][]  
 []


Overfull \hbox (72.85573pt too wide) has occurred while \output is active
 [][][][]  
 []

[128

]
Overfull \hbox (19.04881pt too wide) has occurred while \output is active
 [][][][][]  
 []


Overfull \hbox (72.85573pt too wide) has occurred while \output is active
 [][][][]  
 []

[129

]
Overfull \hbox (19.04881pt too wide) has occurred while \output is active
 [][][][][]  
 []


Overfull \hbox (72.85573pt too wide) has occurred while \output is active
 [][][][]  
 []

[130

]
<sysexpert.png, id=4129, 1415.2875pt x 711.65875pt>
File: sysexpert.png Graphic file (type png)
<use sysexpert.png>
Package pdftex.def Info: sysexpert.png  used on input line 2445.
(pdftex.def)             Requested size: 342.2953pt x 172.11552pt.

Overfull \hbox (19.04881pt too wide) has occurred while \output is active
 [][][][][]  
 []


Overfull \hbox (72.85573pt too wide) has occurred while \output is active
 [][][][]  
 []

[131

 <./sysexpert.png>]
<se.png, id=4159, 930.47626pt x 657.45625pt>
File: se.png Graphic file (type png)
<use se.png>
Package pdftex.def Info: se.png  used on input line 2451.
(pdftex.def)             Requested size: 325.17949pt x 229.76201pt.

Overfull \vbox (11.75803pt too high) detected at line 2451
 []


Overfull \hbox (19.04881pt too wide) has occurred while \output is active
 [][][][][]  
 []


Overfull \hbox (72.85573pt too wide) has occurred while \output is active
 [][][][]  
 []

[132

 <./se.png>] Excluding 'comment' comment.
Overfull \hbox (19.04881pt too wide) has occurred while \output is active
 [][][][][]  
 []


Overfull \hbox (72.85573pt too wide) has occurred while \output is active
 [][][][]  
 []

[133

]
Overfull \hbox (19.04881pt too wide) has occurred while \output is active
 [][][][][]  
 []


Overfull \hbox (72.85573pt too wide) has occurred while \output is active
 [][][][]  
 []

[134

]
Overfull \hbox (19.04881pt too wide) has occurred while \output is active
 [][][][][]  
 []


Overfull \hbox (72.85573pt too wide) has occurred while \output is active
 [][][][]  
 []

[135

]
Overfull \hbox (19.04881pt too wide) has occurred while \output is active
 [][][][][]  
 []


Overfull \hbox (72.85573pt too wide) has occurred while \output is active
 [][][][]  
 []

[136

]
Overfull \hbox (19.04881pt too wide) has occurred while \output is active
 [][][][][]  
 []


Overfull \hbox (72.85573pt too wide) has occurred while \output is active
 [][][][]  
 []

[137

]
Overfull \hbox (19.04881pt too wide) has occurred while \output is active
 [][][][][]  
 []


Overfull \hbox (72.85573pt too wide) has occurred while \output is active
 [][][][]  
 []

[138

]
Overfull \hbox (19.04881pt too wide) has occurred while \output is active
 [][][][][]  
 []


Overfull \hbox (72.85573pt too wide) has occurred while \output is active
 [][][][]  
 []

[139

]
Overfull \hbox (19.04881pt too wide) has occurred while \output is active
 [][][][][]  
 []


Overfull \hbox (72.85573pt too wide) has occurred while \output is active
 [][][][]  
 []

[140

]
Overfull \hbox (19.04881pt too wide) has occurred while \output is active
 [][][][][]  
 []


Overfull \hbox (72.85573pt too wide) has occurred while \output is active
 [][][][]  
 []

[141

]
Overfull \hbox (19.04881pt too wide) has occurred while \output is active
 [][][][][]  
 []


Overfull \hbox (72.85573pt too wide) has occurred while \output is active
 [][][][]  
 []

[142

]
Overfull \hbox (19.04881pt too wide) has occurred while \output is active
 [][][][][]  
 []


Overfull \hbox (72.85573pt too wide) has occurred while \output is active
 [][][][]  
 []

[143

]
Overfull \hbox (19.04881pt too wide) has occurred while \output is active
 [][][][][]  
 []


Overfull \hbox (72.85573pt too wide) has occurred while \output is active
 [][][][]  
 []

[144

]
\tf@nav=\write7
\openout7 = `"AI, ML & DL With Python.nav"'.

\tf@toc=\write8
\openout8 = `"AI, ML & DL With Python.toc"'.

\tf@snm=\write9
\openout9 = `"AI, ML & DL With Python.snm"'.

 (./AI, ML & DL With Python.aux)

LaTeX Font Warning: Some font shapes were not available, defaults substituted.

Package rerunfilecheck Info: File `"AI, ML & DL With Python".out' has not chang
ed.
(rerunfilecheck)             Checksum: 885D8B0BD15174F4512DF0255E99F4EC;8873.
 ) 
Here is how much of TeX's memory you used:
 29318 strings out of 478294
 576948 string characters out of 5849702
 1172887 words of memory out of 5000000
 46544 multiletter control sequences out of 15000+600000
 480571 words of font info for 69 fonts, out of 8000000 for 9000
 1141 hyphenation exceptions out of 8191
 128i,16n,122p,426b,1368s stack positions out of 5000i,500n,10000p,200000b,80000s
</usr/share/texlive/texmf-dist/fonts/type1/public/amsfonts/cm/cmex10.pfb></us
r/share/texlive/texmf-dist/fonts/type1/public/amsfonts/cm/cmmi10.pfb></usr/shar
e/texlive/texmf-dist/fonts/type1/public/amsfonts/cm/cmmi8.pfb></usr/share/texli
ve/texmf-dist/fonts/type1/public/amsfonts/cm/cmss10.pfb></usr/share/texlive/tex
mf-dist/fonts/type1/public/amsfonts/cm/cmss12.pfb></usr/share/texlive/texmf-dis
t/fonts/type1/public/amsfonts/cm/cmss8.pfb></usr/share/texlive/texmf-dist/fonts
/type1/public/amsfonts/cm/cmss9.pfb></usr/share/texlive/texmf-dist/fonts/type1/
public/amsfonts/cm/cmssbx10.pfb></usr/share/texlive/texmf-dist/fonts/type1/publ
ic/amsfonts/cm/cmssi10.pfb></usr/share/texlive/texmf-dist/fonts/type1/public/am
sfonts/cm/cmssi8.pfb></usr/share/texlive/texmf-dist/fonts/type1/public/amsfonts
/cm/cmsy10.pfb></usr/share/texlive/texmf-dist/fonts/type1/public/amsfonts/cm/cm
sy8.pfb></usr/share/texlive/texmf-dist/fonts/type1/public/amsfonts/cm/cmtt10.pf
b>
Output written on "AI, ML & DL With Python.pdf" (144 pages, 40978508 bytes).
PDF statistics:
 4663 PDF objects out of 5155 (max. 8388607)
 4315 compressed objects within 44 object streams
 330 named destinations out of 1000 (max. 500000)
 916 words of extra memory for PDF output out of 10000 (max. 10000000)

